Loading plugins phase: Elapsed time ==> 0s.143ms
<CYPRESSTAG name="CyDsfit arguments...">
cydsfit arguments: -.fdsnotice -.fdswarpdepfile=warp_dependencies.txt -.fdselabdepfile=elab_dependencies.txt -.fdsbldfile=generated_files.txt -.fdsreffile=referenced_files.txt -p C:\Users\shkoli\Downloads\CE95350\CE95350.cydsn\Counter01.cydsn\Counter01.cyprj -d CY8C5868AXI-LP035 -s C:\Users\shkoli\Downloads\CE95350\CE95350.cydsn\Counter01.cydsn\Generated_Source\PSoC5 -- -yv2 -q10 -ygs -o2 -v3 -.fftcfgtype=LE
</CYPRESSTAG>
<CYPRESSTAG name="Design elaboration results...">
</CYPRESSTAG>
Elaboration phase: Elapsed time ==> 1s.384ms
<CYPRESSTAG name="HDL generation results...">
</CYPRESSTAG>
HDL generation phase: Elapsed time ==> 0s.030ms
<CYPRESSTAG name="Synthesis results...">

     | | | | | | |
   _________________
  -|               |-
  -|               |-
  -|               |-
  -|    CYPRESS    |-
  -|               |-
  -|               |-   Warp Verilog Synthesis Compiler: Version 6.3 IR 41
  -|               |-   Copyright (C) 1991-2001 Cypress Semiconductor
   |_______________|
     | | | | | | |

======================================================================
Compiling:  Counter01.v
Program  :   C:\Program Files (x86)\Cypress\PSoC Creator\4.2\PSoC Creator\warp\bin\warp.exe
Options  :    -yv2 -q10 -ygs -o2 -v3 -.fftcfgtype=LE -ya -.fftprj=C:\Users\shkoli\Downloads\CE95350\CE95350.cydsn\Counter01.cydsn\Counter01.cyprj -dcpsoc3 Counter01.v -verilog
======================================================================

======================================================================
Compiling:  Counter01.v
Program  :   C:\Program Files (x86)\Cypress\PSoC Creator\4.2\PSoC Creator\warp\bin\warp.exe
Options  :    -yv2 -q10 -ygs -o2 -v3 -.fftcfgtype=LE -ya -.fftprj=C:\Users\shkoli\Downloads\CE95350\CE95350.cydsn\Counter01.cydsn\Counter01.cyprj -dcpsoc3 Counter01.v -verilog
======================================================================

======================================================================
Compiling:  Counter01.v
Program  :   vlogfe
Options  :    -yv2 -q10 -ygs -o2 -v3 -.fftcfgtype=LE -ya -.fftprj=C:\Users\shkoli\Downloads\CE95350\CE95350.cydsn\Counter01.cydsn\Counter01.cyprj -dcpsoc3 -verilog Counter01.v
======================================================================

vlogfe V6.3 IR 41:  Verilog parser
Thu Apr 16 22:36:51 2020


======================================================================
Compiling:  Counter01.v
Program  :   vpp
Options  :    -yv2 -q10 Counter01.v
======================================================================

vpp V6.3 IR 41:  Verilog Pre-Processor
Thu Apr 16 22:36:51 2020

Flattening file 'C:\Program Files (x86)\Cypress\PSoC Creator\4.2\PSoC Creator\psoc\content\CyPrimitives\cyprimitives.cylib\cy_virtualmux_v1_0\cy_virtualmux_v1_0.v'
Flattening file 'C:\Program Files (x86)\Cypress\PSoC Creator\4.2\PSoC Creator\psoc\content\CyPrimitives\cyprimitives.cylib\ZeroTerminal\ZeroTerminal.v'
Flattening file 'C:\Program Files (x86)\Cypress\PSoC Creator\4.2\PSoC Creator\psoc\content\CyPrimitives\cyprimitives.cylib\OneTerminal\OneTerminal.v'
Flattening file 'C:\Program Files (x86)\Cypress\PSoC Creator\4.2\PSoC Creator\psoc\content\CyComponentLibrary\CyComponentLibrary.cylib\B_Counter_v3_0\B_Counter_v3_0.v'
Flattening file 'C:\Program Files (x86)\Cypress\PSoC Creator\4.2\PSoC Creator\warp\lib\common\cypress.v'
Flattening file 'C:\Program Files (x86)\Cypress\PSoC Creator\4.2\PSoC Creator\warp\lib\common\cy_psoc3_inc.v'

vpp:  No errors.

Library 'work' => directory 'lcpsoc3'
General_symbol_table
General_symbol_table
Linking 'C:\Program Files (x86)\Cypress\PSoC Creator\4.2\PSoC Creator\warp\lib\common\std.vhd'.
Linking 'C:\Program Files (x86)\Cypress\PSoC Creator\4.2\PSoC Creator\warp\lib\common\cypress.vhd'.
Linking 'C:\Program Files (x86)\Cypress\PSoC Creator\4.2\PSoC Creator\warp\lib\common\work\cypress.vif'.
Linking 'C:\Program Files (x86)\Cypress\PSoC Creator\4.2\PSoC Creator\warp\lib\ieee\work\stdlogic.vif'.
Linking 'C:\Program Files (x86)\Cypress\PSoC Creator\4.2\PSoC Creator\warp\lib\common\stdlogic\lpmpkg.vif'.
Linking 'C:\Program Files (x86)\Cypress\PSoC Creator\4.2\PSoC Creator\warp\lib\common\stdlogic\rtlpkg.vif'.
Linking 'C:\Program Files (x86)\Cypress\PSoC Creator\4.2\PSoC Creator\warp\lib\common\stdlogic\mod_cnst.vif'.
Linking 'C:\Program Files (x86)\Cypress\PSoC Creator\4.2\PSoC Creator\warp\lib\common\stdlogic\mod_mthv.vif'.
Linking 'C:\Program Files (x86)\Cypress\PSoC Creator\4.2\PSoC Creator\warp\lib\common\stdlogic\mod_genv.vif'.
Using control file 'Counter01.ctl'.
Linking 'C:\Program Files (x86)\Cypress\PSoC Creator\4.2\PSoC Creator\warp\lib\common\stdlogic\cy_psoc3pkg.vif'.
Linking 'C:\Program Files (x86)\Cypress\PSoC Creator\4.2\PSoC Creator\warp\lib\common\stdlogic\cy_psoc3.vif'.

vlogfe:  No errors.


======================================================================
Compiling:  Counter01.v
Program  :   tovif
Options  :    -yv2 -q10 -ygs -o2 -v3 -.fftcfgtype=LE -ya -.fftprj=C:\Users\shkoli\Downloads\CE95350\CE95350.cydsn\Counter01.cydsn\Counter01.cyprj -dcpsoc3 -verilog Counter01.v
======================================================================

tovif V6.3 IR 41:  High-level synthesis
Thu Apr 16 22:36:51 2020

Linking 'C:\Program Files (x86)\Cypress\PSoC Creator\4.2\PSoC Creator\warp\lib\common\std.vhd'.
Linking 'C:\Program Files (x86)\Cypress\PSoC Creator\4.2\PSoC Creator\warp\lib\common\cypress.vhd'.
Linking 'C:\Program Files (x86)\Cypress\PSoC Creator\4.2\PSoC Creator\warp\lib\common\work\cypress.vif'.
Linking 'C:\Program Files (x86)\Cypress\PSoC Creator\4.2\PSoC Creator\warp\lib\ieee\work\stdlogic.vif'.
Linking 'C:\Program Files (x86)\Cypress\PSoC Creator\4.2\PSoC Creator\warp\lib\common\stdlogic\lpmpkg.vif'.
Linking 'C:\Program Files (x86)\Cypress\PSoC Creator\4.2\PSoC Creator\warp\lib\common\stdlogic\rtlpkg.vif'.
Linking 'C:\Program Files (x86)\Cypress\PSoC Creator\4.2\PSoC Creator\warp\lib\common\stdlogic\mod_cnst.vif'.
Linking 'C:\Program Files (x86)\Cypress\PSoC Creator\4.2\PSoC Creator\warp\lib\common\stdlogic\mod_mthv.vif'.
Linking 'C:\Program Files (x86)\Cypress\PSoC Creator\4.2\PSoC Creator\warp\lib\common\stdlogic\mod_genv.vif'.
Linking 'C:\Users\shkoli\Downloads\CE95350\CE95350.cydsn\Counter01.cydsn\codegentemp\Counter01.ctl'.
Linking 'C:\Program Files (x86)\Cypress\PSoC Creator\4.2\PSoC Creator\psoc\content\CyPrimitives\cyprimitives.cylib\cy_virtualmux_v1_0\cy_virtualmux_v1_0.v'.
Linking 'C:\Users\shkoli\Downloads\CE95350\CE95350.cydsn\Counter01.cydsn\codegentemp\Counter01.v'.
Linking 'C:\Program Files (x86)\Cypress\PSoC Creator\4.2\PSoC Creator\psoc\content\CyPrimitives\cyprimitives.cylib\ZeroTerminal\ZeroTerminal.v'.
Linking 'C:\Program Files (x86)\Cypress\PSoC Creator\4.2\PSoC Creator\psoc\content\CyPrimitives\cyprimitives.cylib\OneTerminal\OneTerminal.v'.
Linking 'C:\Program Files (x86)\Cypress\PSoC Creator\4.2\PSoC Creator\psoc\content\CyComponentLibrary\CyComponentLibrary.cylib\B_Counter_v3_0\B_Counter_v3_0.v'.
Linking 'C:\Program Files (x86)\Cypress\PSoC Creator\4.2\PSoC Creator\warp\lib\common\cypress.v'.
Linking 'C:\Program Files (x86)\Cypress\PSoC Creator\4.2\PSoC Creator\warp\lib\common\cy_psoc3_inc.v'.
Linking 'C:\Program Files (x86)\Cypress\PSoC Creator\4.2\PSoC Creator\warp\lib\common\stdlogic\cy_psoc3pkg.vif'.
Linking 'C:\Program Files (x86)\Cypress\PSoC Creator\4.2\PSoC Creator\warp\lib\common\stdlogic\cy_psoc3.vif'.

tovif:  No errors.


======================================================================
Compiling:  Counter01.v
Program  :   topld
Options  :    -yv2 -q10 -ygs -o2 -v3 -.fftcfgtype=LE -ya -.fftprj=C:\Users\shkoli\Downloads\CE95350\CE95350.cydsn\Counter01.cydsn\Counter01.cyprj -dcpsoc3 -verilog Counter01.v
======================================================================

topld V6.3 IR 41:  Synthesis and optimization
Thu Apr 16 22:36:52 2020

Linking 'C:\Program Files (x86)\Cypress\PSoC Creator\4.2\PSoC Creator\warp\lib\common\std.vhd'.
Linking 'C:\Program Files (x86)\Cypress\PSoC Creator\4.2\PSoC Creator\warp\lib\common\cypress.vhd'.
Linking 'C:\Program Files (x86)\Cypress\PSoC Creator\4.2\PSoC Creator\warp\lib\common\work\cypress.vif'.
Linking 'C:\Program Files (x86)\Cypress\PSoC Creator\4.2\PSoC Creator\warp\lib\ieee\work\stdlogic.vif'.
Linking 'C:\Program Files (x86)\Cypress\PSoC Creator\4.2\PSoC Creator\warp\lib\common\stdlogic\lpmpkg.vif'.
Linking 'C:\Program Files (x86)\Cypress\PSoC Creator\4.2\PSoC Creator\warp\lib\common\stdlogic\rtlpkg.vif'.
Linking 'C:\Program Files (x86)\Cypress\PSoC Creator\4.2\PSoC Creator\warp\lib\common\stdlogic\mod_cnst.vif'.
Linking 'C:\Program Files (x86)\Cypress\PSoC Creator\4.2\PSoC Creator\warp\lib\common\stdlogic\mod_mthv.vif'.
Linking 'C:\Program Files (x86)\Cypress\PSoC Creator\4.2\PSoC Creator\warp\lib\common\stdlogic\mod_genv.vif'.
Linking 'C:\Users\shkoli\Downloads\CE95350\CE95350.cydsn\Counter01.cydsn\codegentemp\Counter01.ctl'.
Linking 'C:\Program Files (x86)\Cypress\PSoC Creator\4.2\PSoC Creator\psoc\content\CyPrimitives\cyprimitives.cylib\cy_virtualmux_v1_0\cy_virtualmux_v1_0.v'.
Linking 'C:\Users\shkoli\Downloads\CE95350\CE95350.cydsn\Counter01.cydsn\codegentemp\Counter01.v'.
Linking 'C:\Program Files (x86)\Cypress\PSoC Creator\4.2\PSoC Creator\psoc\content\CyPrimitives\cyprimitives.cylib\ZeroTerminal\ZeroTerminal.v'.
Linking 'C:\Program Files (x86)\Cypress\PSoC Creator\4.2\PSoC Creator\psoc\content\CyPrimitives\cyprimitives.cylib\OneTerminal\OneTerminal.v'.
Linking 'C:\Program Files (x86)\Cypress\PSoC Creator\4.2\PSoC Creator\psoc\content\CyComponentLibrary\CyComponentLibrary.cylib\B_Counter_v3_0\B_Counter_v3_0.v'.
Linking 'C:\Program Files (x86)\Cypress\PSoC Creator\4.2\PSoC Creator\warp\lib\common\cypress.v'.
Linking 'C:\Program Files (x86)\Cypress\PSoC Creator\4.2\PSoC Creator\warp\lib\common\cy_psoc3_inc.v'.
Linking 'C:\Program Files (x86)\Cypress\PSoC Creator\4.2\PSoC Creator\warp\lib\common\stdlogic\cy_psoc3pkg.vif'.
Linking 'C:\Program Files (x86)\Cypress\PSoC Creator\4.2\PSoC Creator\warp\lib\common\stdlogic\cy_psoc3.vif'.
Linking 'C:\Program Files (x86)\Cypress\PSoC Creator\4.2\PSoC Creator\warp\lib\lcpsoc3\stdlogic\cpsoc3.vif'.

----------------------------------------------------------
Detecting unused logic.
----------------------------------------------------------
    User names
	\Counter_1:Net_82\
	\Counter_1:Net_95\
	\Counter_1:Net_91\
	\Counter_1:Net_102\
	\Counter_1:CounterUDB:ctrl_cmod_2\
	\Counter_1:CounterUDB:ctrl_cmod_1\
	\Counter_1:CounterUDB:ctrl_cmod_0\


Deleted 7 User equations/components.
Deleted 0 Synthesized equations/components.

------------------------------------------------------
Alias Detection
------------------------------------------------------
Aliasing one to \Counter_1:Net_89\
Aliasing \Counter_1:CounterUDB:ctrl_capmode_0\ to \Counter_1:CounterUDB:ctrl_capmode_1\
Aliasing zero to \Counter_1:CounterUDB:ctrl_capmode_1\
Aliasing \Counter_1:CounterUDB:capt_rising\ to \Counter_1:CounterUDB:ctrl_capmode_1\
Aliasing Net_123 to \Counter_1:CounterUDB:ctrl_capmode_1\
Aliasing \Counter_1:CounterUDB:tc_i\ to \Counter_1:CounterUDB:reload_tc\
Aliasing tmpOE__P0_4_net_0 to \Counter_1:Net_89\
Aliasing tmpOE__P0_5_net_0 to \Counter_1:Net_89\
Aliasing \CharLCD_1:tmpOE__LCDPort_net_6\ to \Counter_1:Net_89\
Aliasing \CharLCD_1:tmpOE__LCDPort_net_5\ to \Counter_1:Net_89\
Aliasing \CharLCD_1:tmpOE__LCDPort_net_4\ to \Counter_1:Net_89\
Aliasing \CharLCD_1:tmpOE__LCDPort_net_3\ to \Counter_1:Net_89\
Aliasing \CharLCD_1:tmpOE__LCDPort_net_2\ to \Counter_1:Net_89\
Aliasing \CharLCD_1:tmpOE__LCDPort_net_1\ to \Counter_1:Net_89\
Aliasing \CharLCD_1:tmpOE__LCDPort_net_0\ to \Counter_1:Net_89\
Aliasing tmpOE__Pin_1_net_0 to \Counter_1:Net_89\
Aliasing \Counter_1:CounterUDB:prevCapture\\D\ to \Counter_1:CounterUDB:ctrl_capmode_1\
Aliasing \Counter_1:CounterUDB:cmp_out_reg_i\\D\ to \Counter_1:CounterUDB:prevCompare\\D\
Removing Rhs of wire Net_34[0] = \Counter_1:Net_43\[1]
Removing Rhs of wire Net_124[2] = \Counter_1:Net_49\[3]
Removing Rhs of wire Net_124[2] = \Counter_1:CounterUDB:tc_reg_i\[62]
Removing Rhs of wire one[11] = \Counter_1:Net_89\[5]
Removing Lhs of wire \Counter_1:CounterUDB:ctrl_capmode_0\[17] = \Counter_1:CounterUDB:ctrl_capmode_1\[16]
Removing Rhs of wire zero[21] = \Counter_1:CounterUDB:ctrl_capmode_1\[16]
Removing Lhs of wire \Counter_1:CounterUDB:ctrl_enable\[30] = \Counter_1:CounterUDB:control_7\[22]
Removing Lhs of wire \Counter_1:CounterUDB:capt_rising\[32] = zero[21]
Removing Lhs of wire \Counter_1:CounterUDB:capt_falling\[33] = \Counter_1:CounterUDB:prevCapture\[31]
Removing Rhs of wire \Counter_1:CounterUDB:reload\[36] = \Counter_1:CounterUDB:reload_tc\[37]
Removing Lhs of wire \Counter_1:CounterUDB:final_enable\[38] = \Counter_1:CounterUDB:control_7\[22]
Removing Lhs of wire \Counter_1:CounterUDB:counter_enable\[39] = \Counter_1:CounterUDB:control_7\[22]
Removing Rhs of wire \Counter_1:CounterUDB:status_0\[40] = \Counter_1:CounterUDB:cmp_out_status\[41]
Removing Rhs of wire \Counter_1:CounterUDB:status_1\[42] = \Counter_1:CounterUDB:per_zero\[43]
Removing Rhs of wire \Counter_1:CounterUDB:status_2\[44] = \Counter_1:CounterUDB:overflow_status\[45]
Removing Rhs of wire \Counter_1:CounterUDB:status_3\[46] = \Counter_1:CounterUDB:underflow_status\[47]
Removing Lhs of wire \Counter_1:CounterUDB:status_4\[48] = \Counter_1:CounterUDB:hwCapture\[35]
Removing Rhs of wire \Counter_1:CounterUDB:status_5\[49] = \Counter_1:CounterUDB:fifo_full\[50]
Removing Rhs of wire \Counter_1:CounterUDB:status_6\[51] = \Counter_1:CounterUDB:fifo_nempty\[52]
Removing Lhs of wire Net_123[54] = zero[21]
Removing Lhs of wire \Counter_1:CounterUDB:dp_dir\[56] = one[11]
Removing Lhs of wire \Counter_1:CounterUDB:tc_i\[61] = \Counter_1:CounterUDB:reload\[36]
Removing Rhs of wire \Counter_1:CounterUDB:cmp_out_i\[63] = \Counter_1:CounterUDB:cmp_less\[64]
Removing Rhs of wire Net_125[67] = \Counter_1:CounterUDB:cmp_out_reg_i\[66]
Removing Lhs of wire \Counter_1:CounterUDB:cs_addr_2\[71] = one[11]
Removing Lhs of wire \Counter_1:CounterUDB:cs_addr_1\[72] = \Counter_1:CounterUDB:count_enable\[70]
Removing Lhs of wire \Counter_1:CounterUDB:cs_addr_0\[73] = \Counter_1:CounterUDB:reload\[36]
Removing Lhs of wire tmpOE__P0_4_net_0[199] = one[11]
Removing Lhs of wire tmpOE__P0_5_net_0[205] = one[11]
Removing Lhs of wire \CharLCD_1:tmpOE__LCDPort_net_6\[211] = one[11]
Removing Lhs of wire \CharLCD_1:tmpOE__LCDPort_net_5\[212] = one[11]
Removing Lhs of wire \CharLCD_1:tmpOE__LCDPort_net_4\[213] = one[11]
Removing Lhs of wire \CharLCD_1:tmpOE__LCDPort_net_3\[214] = one[11]
Removing Lhs of wire \CharLCD_1:tmpOE__LCDPort_net_2\[215] = one[11]
Removing Lhs of wire \CharLCD_1:tmpOE__LCDPort_net_1\[216] = one[11]
Removing Lhs of wire \CharLCD_1:tmpOE__LCDPort_net_0\[217] = one[11]
Removing Lhs of wire tmpOE__Pin_1_net_0[237] = one[11]
Removing Lhs of wire \Counter_1:CounterUDB:prevCapture\\D\[241] = zero[21]
Removing Lhs of wire \Counter_1:CounterUDB:overflow_reg_i\\D\[242] = \Counter_1:CounterUDB:overflow\[55]
Removing Lhs of wire \Counter_1:CounterUDB:underflow_reg_i\\D\[243] = \Counter_1:CounterUDB:underflow\[58]
Removing Lhs of wire \Counter_1:CounterUDB:tc_reg_i\\D\[244] = \Counter_1:CounterUDB:reload\[36]
Removing Lhs of wire \Counter_1:CounterUDB:prevCompare\\D\[245] = \Counter_1:CounterUDB:cmp_out_i\[63]
Removing Lhs of wire \Counter_1:CounterUDB:cmp_out_reg_i\\D\[246] = \Counter_1:CounterUDB:cmp_out_i\[63]
Removing Lhs of wire \Counter_1:CounterUDB:count_stored_i\\D\[247] = Net_118[69]

------------------------------------------------------
Aliased 0 equations, 44 wires.
------------------------------------------------------

----------------------------------------------------------
Circuit simplification
----------------------------------------------------------

Substituting virtuals - pass 1:

Note:  Expanding virtual equation for 'one' (cost = 0):
one <=  ('1') ;

Note:  Expanding virtual equation for 'zero' (cost = 0):
zero <=  ('0') ;

Note:  Expanding virtual equation for '\Counter_1:CounterUDB:capt_either_edge\' (cost = 0):
\Counter_1:CounterUDB:capt_either_edge\ <= (\Counter_1:CounterUDB:prevCapture\);

Note:  Expanding virtual equation for '\Counter_1:CounterUDB:overflow\' (cost = 0):
\Counter_1:CounterUDB:overflow\ <= (\Counter_1:CounterUDB:per_equal\);

Note:  Expanding virtual equation for '\Counter_1:CounterUDB:underflow\' (cost = 0):
\Counter_1:CounterUDB:underflow\ <=  ('0') ;


Substituting virtuals - pass 2:


----------------------------------------------------------
Circuit simplification results:

	Expanded 5 signals.
	Turned 0 signals into soft nodes.
	Maximum default expansion cost was set at 3.
----------------------------------------------------------

------------------------------------------------------
Alias Detection
------------------------------------------------------
Aliasing \Counter_1:CounterUDB:hwCapture\ to zero
Aliasing \Counter_1:CounterUDB:status_3\ to zero
Aliasing \Counter_1:CounterUDB:underflow\ to zero
Removing Lhs of wire \Counter_1:CounterUDB:hwCapture\[35] = zero[21]
Removing Rhs of wire \Counter_1:CounterUDB:reload\[36] = \Counter_1:CounterUDB:per_equal\[57]
Removing Lhs of wire \Counter_1:CounterUDB:status_3\[46] = zero[21]
Removing Lhs of wire \Counter_1:CounterUDB:underflow\[58] = zero[21]

------------------------------------------------------
Aliased 0 equations, 4 wires.
------------------------------------------------------

----------------------------------------------------------
Circuit simplification
----------------------------------------------------------

Eliminating unused logic - pass 1:


Eliminating unused logic - pass 2:


Substituting virtuals - pass 1:


----------------------------------------------------------
Circuit simplification results:

	Expanded 0 signals.
	Turned 0 signals into soft nodes.
	Maximum default expansion cost was set at 3.
----------------------------------------------------------

topld:  No errors.

CYPRESS_DIR    : C:\Program Files (x86)\Cypress\PSoC Creator\4.2\PSoC Creator\warp
Warp Program   : C:\Program Files (x86)\Cypress\PSoC Creator\4.2\PSoC Creator\warp\bin\warp.exe
Warp Arguments : -yv2 -q10 -ygs -o2 -v3 -.fftcfgtype=LE -ya -.fftprj=C:\Users\shkoli\Downloads\CE95350\CE95350.cydsn\Counter01.cydsn\Counter01.cyprj -dcpsoc3 Counter01.v -verilog
</CYPRESSTAG>
Warp synthesis phase: Elapsed time ==> 0s.761ms
<CYPRESSTAG name="Fitter results...">
<CYPRESSTAG name="Fitter startup details...">
cyp3fit: V4.2.0.641, Family: PSoC3, Started at: Thursday, 16 April 2020 22:36:52
Options: -yv2 -q10 -ygs -o2 -v3 -.fftcfgtype=LE -ya -.fftprj=C:\Users\shkoli\Downloads\CE95350\CE95350.cydsn\Counter01.cydsn\Counter01.cyprj -d CY8C5868AXI-LP035 Counter01.v -verilog
</CYPRESSTAG>
<CYPRESSTAG name="Design parsing">
Design parsing phase: Elapsed time ==> 0s.010ms
</CYPRESSTAG>
<CYPRESSTAG name="Tech Mapping">
<CYPRESSTAG name="Initial Mapping" icon="FILE_RPT_TECHM">
    Converted constant MacroCell: \Counter_1:CounterUDB:prevCapture\ from registered to combinatorial
    Converted constant MacroCell: \Counter_1:CounterUDB:underflow_reg_i\ from registered to combinatorial
<CYPRESSTAG name="Global Clock Selection" icon="FILE_RPT_TECHM">
    Digital Clock 0: Automatic-assigning  clock 'clock_2'. Fanout=2, Signal=Net_113
</CYPRESSTAG>

Removing unused cells resulting from optimization
Done removing unused cells.
<CYPRESSTAG name="UDB Clock/Enable Remapping Results">
    UDB Clk/Enable \Counter_1:CounterUDB:clock_enable_block\: with output requested to be synchronous
        ClockIn: clock_2 was determined to be a global clock that is synchronous to BUS_CLK
        EnableIn: Constant 1 was determined to be synchronous to ClockIn
        ClockOut: clock_2, EnableOut: Constant 1
    UDB Clk/Enable \Counter_1:CounterUDB:sCTRLReg:cy_psoc3_udb_Ctl_Clk_Sync\: with output requested to be synchronous
        ClockIn: clock_2 was determined to be a global clock that is synchronous to BUS_CLK
        EnableIn: Constant 1 was determined to be synchronous to ClockIn
        ClockOut: clock_2, EnableOut: Constant 1
</CYPRESSTAG>

Removing unused cells resulting from optimization
Done removing unused cells.
<CYPRESSTAG name="Duplicate Macrocell detection">

Removing duplicate macrocells
    Removing Net_125, Duplicate of \Counter_1:CounterUDB:prevCompare\ 
    MacroCell: Name=Net_125, Mode=(D-Register)
        Total # of inputs        : 1
        Total # of product terms : 1
        List of special equations: 
            Clock  = (Net_113) => Global
            Clock Enable: True
        Main Equation            : 1 pterm
        (
              \Counter_1:CounterUDB:cmp_out_i\
        );
        Output = Net_125 (fanout=1)

    Removing Net_124, Duplicate of \Counter_1:CounterUDB:overflow_reg_i\ 
    MacroCell: Name=Net_124, Mode=(D-Register)
        Total # of inputs        : 1
        Total # of product terms : 1
        List of special equations: 
            Clock  = (Net_113) => Global
            Clock Enable: True
        Main Equation            : 1 pterm
        (
              \Counter_1:CounterUDB:reload\
        );
        Output = Net_124 (fanout=1)

End removing duplicate macrocells: used 1 pass
</CYPRESSTAG>
</CYPRESSTAG>
<CYPRESSTAG name="Duplicate Macrocell detection">
</CYPRESSTAG>
<CYPRESSTAG name="Design Equations" icon="FILE_RPT_EQUATION">

------------------------------------------------------------
Design Equations
------------------------------------------------------------
    <CYPRESSTAG name="Pin listing">

    ------------------------------------------------------------
    Pin listing
    ------------------------------------------------------------

    Pin : Name = P0_4(0)
        Attributes:
            In Group/Port: True
            In Sync Option: AUTO
            Out Sync Option: NOSYNC
            Interrupt generated: False
            Interrupt mode: NONE
            Drive mode: CMOS_OUT
            VTrip: EITHER
            Slew: FAST
            Input Sync needed: False
            Output Sync needed: False
            SC shield enabled: False
            POR State: ANY
            LCD Mode: COMMON
            Register Mode: RegComb
            CaSense Mode: NEITHER
            Treat as pin: True
            Is OE Registered: False
            Uses Analog: False
            Can contain Digital: True
            Is SIO: False
            SIO Output Buf: NONREGULATED
            SIO Input Buf: SINGLE_ENDED
            SIO HiFreq: LOW
            SIO Hyst: DISABLED
            SIO Vtrip: MULTIPLIER_0_5
            SIO Multiplier Index: 0
            SIO RefSel: VCC_IO
            Required Capabilities: DIGITAL, ROUTABLE
            Initial Value: 0
            IO Voltage: 0
        PORT MAP (
            pa_out => P0_4(0)__PA ,
            pin_input => \Counter_1:CounterUDB:overflow_reg_i\ ,
            pad => P0_4(0)_PAD );
        Properties:
        {
        }

    Pin : Name = P0_5(0)
        Attributes:
            In Group/Port: True
            In Sync Option: AUTO
            Out Sync Option: NOSYNC
            Interrupt generated: False
            Interrupt mode: NONE
            Drive mode: CMOS_OUT
            VTrip: EITHER
            Slew: FAST
            Input Sync needed: False
            Output Sync needed: False
            SC shield enabled: False
            POR State: ANY
            LCD Mode: COMMON
            Register Mode: RegComb
            CaSense Mode: NEITHER
            Treat as pin: True
            Is OE Registered: False
            Uses Analog: False
            Can contain Digital: True
            Is SIO: False
            SIO Output Buf: NONREGULATED
            SIO Input Buf: SINGLE_ENDED
            SIO HiFreq: LOW
            SIO Hyst: DISABLED
            SIO Vtrip: MULTIPLIER_0_5
            SIO Multiplier Index: 0
            SIO RefSel: VCC_IO
            Required Capabilities: DIGITAL, ROUTABLE
            Initial Value: 0
            IO Voltage: 0
        PORT MAP (
            pa_out => P0_5(0)__PA ,
            pin_input => \Counter_1:CounterUDB:prevCompare\ ,
            pad => P0_5(0)_PAD );
        Properties:
        {
        }

    Pin : Name = \CharLCD_1:LCDPort(0)\
        Attributes:
            In Group/Port: True
            In Sync Option: AUTO
            Out Sync Option: NOSYNC
            Interrupt generated: False
            Interrupt mode: NONE
            Drive mode: CMOS_OUT
            VTrip: EITHER
            Slew: FAST
            Input Sync needed: False
            Output Sync needed: False
            SC shield enabled: False
            POR State: ANY
            LCD Mode: COMMON
            Register Mode: RegComb
            CaSense Mode: NEITHER
            Treat as pin: False
            Is OE Registered: False
            Uses Analog: False
            Can contain Digital: True
            Is SIO: False
            SIO Output Buf: NONREGULATED
            SIO Input Buf: SINGLE_ENDED
            SIO HiFreq: LOW
            SIO Hyst: DISABLED
            SIO Vtrip: MULTIPLIER_0_5
            SIO Multiplier Index: 0
            SIO RefSel: VCC_IO
            Required Capabilities: DIGITAL
            Initial Value: 0
            IO Voltage: 0
        PORT MAP (
            pa_out => \CharLCD_1:LCDPort(0)\__PA ,
            pad => \CharLCD_1:LCDPort(0)_PAD\ );
        Properties:
        {
        }

    Pin : Name = \CharLCD_1:LCDPort(1)\
        Attributes:
            In Group/Port: True
            In Sync Option: AUTO
            Out Sync Option: NOSYNC
            Interrupt generated: False
            Interrupt mode: NONE
            Drive mode: CMOS_OUT
            VTrip: EITHER
            Slew: FAST
            Input Sync needed: False
            Output Sync needed: False
            SC shield enabled: False
            POR State: ANY
            LCD Mode: COMMON
            Register Mode: RegComb
            CaSense Mode: NEITHER
            Treat as pin: False
            Is OE Registered: False
            Uses Analog: False
            Can contain Digital: True
            Is SIO: False
            SIO Output Buf: NONREGULATED
            SIO Input Buf: SINGLE_ENDED
            SIO HiFreq: LOW
            SIO Hyst: DISABLED
            SIO Vtrip: MULTIPLIER_0_5
            SIO Multiplier Index: 0
            SIO RefSel: VCC_IO
            Required Capabilities: DIGITAL
            Initial Value: 0
            IO Voltage: 0
        PORT MAP (
            pa_out => \CharLCD_1:LCDPort(1)\__PA ,
            pad => \CharLCD_1:LCDPort(1)_PAD\ );
        Properties:
        {
        }

    Pin : Name = \CharLCD_1:LCDPort(2)\
        Attributes:
            In Group/Port: True
            In Sync Option: AUTO
            Out Sync Option: NOSYNC
            Interrupt generated: False
            Interrupt mode: NONE
            Drive mode: CMOS_OUT
            VTrip: EITHER
            Slew: FAST
            Input Sync needed: False
            Output Sync needed: False
            SC shield enabled: False
            POR State: ANY
            LCD Mode: COMMON
            Register Mode: RegComb
            CaSense Mode: NEITHER
            Treat as pin: False
            Is OE Registered: False
            Uses Analog: False
            Can contain Digital: True
            Is SIO: False
            SIO Output Buf: NONREGULATED
            SIO Input Buf: SINGLE_ENDED
            SIO HiFreq: LOW
            SIO Hyst: DISABLED
            SIO Vtrip: MULTIPLIER_0_5
            SIO Multiplier Index: 0
            SIO RefSel: VCC_IO
            Required Capabilities: DIGITAL
            Initial Value: 0
            IO Voltage: 0
        PORT MAP (
            pa_out => \CharLCD_1:LCDPort(2)\__PA ,
            pad => \CharLCD_1:LCDPort(2)_PAD\ );
        Properties:
        {
        }

    Pin : Name = \CharLCD_1:LCDPort(3)\
        Attributes:
            In Group/Port: True
            In Sync Option: AUTO
            Out Sync Option: NOSYNC
            Interrupt generated: False
            Interrupt mode: NONE
            Drive mode: CMOS_OUT
            VTrip: EITHER
            Slew: FAST
            Input Sync needed: False
            Output Sync needed: False
            SC shield enabled: False
            POR State: ANY
            LCD Mode: COMMON
            Register Mode: RegComb
            CaSense Mode: NEITHER
            Treat as pin: False
            Is OE Registered: False
            Uses Analog: False
            Can contain Digital: True
            Is SIO: False
            SIO Output Buf: NONREGULATED
            SIO Input Buf: SINGLE_ENDED
            SIO HiFreq: LOW
            SIO Hyst: DISABLED
            SIO Vtrip: MULTIPLIER_0_5
            SIO Multiplier Index: 0
            SIO RefSel: VCC_IO
            Required Capabilities: DIGITAL
            Initial Value: 0
            IO Voltage: 0
        PORT MAP (
            pa_out => \CharLCD_1:LCDPort(3)\__PA ,
            pad => \CharLCD_1:LCDPort(3)_PAD\ );
        Properties:
        {
        }

    Pin : Name = \CharLCD_1:LCDPort(4)\
        Attributes:
            In Group/Port: True
            In Sync Option: AUTO
            Out Sync Option: NOSYNC
            Interrupt generated: False
            Interrupt mode: NONE
            Drive mode: CMOS_OUT
            VTrip: EITHER
            Slew: FAST
            Input Sync needed: False
            Output Sync needed: False
            SC shield enabled: False
            POR State: ANY
            LCD Mode: COMMON
            Register Mode: RegComb
            CaSense Mode: NEITHER
            Treat as pin: False
            Is OE Registered: False
            Uses Analog: False
            Can contain Digital: True
            Is SIO: False
            SIO Output Buf: NONREGULATED
            SIO Input Buf: SINGLE_ENDED
            SIO HiFreq: LOW
            SIO Hyst: DISABLED
            SIO Vtrip: MULTIPLIER_0_5
            SIO Multiplier Index: 0
            SIO RefSel: VCC_IO
            Required Capabilities: DIGITAL
            Initial Value: 0
            IO Voltage: 0
        PORT MAP (
            pa_out => \CharLCD_1:LCDPort(4)\__PA ,
            pad => \CharLCD_1:LCDPort(4)_PAD\ );
        Properties:
        {
        }

    Pin : Name = \CharLCD_1:LCDPort(5)\
        Attributes:
            In Group/Port: True
            In Sync Option: AUTO
            Out Sync Option: NOSYNC
            Interrupt generated: False
            Interrupt mode: NONE
            Drive mode: CMOS_OUT
            VTrip: EITHER
            Slew: FAST
            Input Sync needed: False
            Output Sync needed: False
            SC shield enabled: False
            POR State: ANY
            LCD Mode: COMMON
            Register Mode: RegComb
            CaSense Mode: NEITHER
            Treat as pin: False
            Is OE Registered: False
            Uses Analog: False
            Can contain Digital: True
            Is SIO: False
            SIO Output Buf: NONREGULATED
            SIO Input Buf: SINGLE_ENDED
            SIO HiFreq: LOW
            SIO Hyst: DISABLED
            SIO Vtrip: MULTIPLIER_0_5
            SIO Multiplier Index: 0
            SIO RefSel: VCC_IO
            Required Capabilities: DIGITAL
            Initial Value: 0
            IO Voltage: 0
        PORT MAP (
            pa_out => \CharLCD_1:LCDPort(5)\__PA ,
            pad => \CharLCD_1:LCDPort(5)_PAD\ );
        Properties:
        {
        }

    Pin : Name = \CharLCD_1:LCDPort(6)\
        Attributes:
            In Group/Port: True
            In Sync Option: AUTO
            Out Sync Option: NOSYNC
            Interrupt generated: False
            Interrupt mode: NONE
            Drive mode: CMOS_OUT
            VTrip: EITHER
            Slew: FAST
            Input Sync needed: False
            Output Sync needed: False
            SC shield enabled: False
            POR State: ANY
            LCD Mode: COMMON
            Register Mode: RegComb
            CaSense Mode: NEITHER
            Treat as pin: False
            Is OE Registered: False
            Uses Analog: False
            Can contain Digital: True
            Is SIO: False
            SIO Output Buf: NONREGULATED
            SIO Input Buf: SINGLE_ENDED
            SIO HiFreq: LOW
            SIO Hyst: DISABLED
            SIO Vtrip: MULTIPLIER_0_5
            SIO Multiplier Index: 0
            SIO RefSel: VCC_IO
            Required Capabilities: DIGITAL
            Initial Value: 0
            IO Voltage: 0
        PORT MAP (
            pa_out => \CharLCD_1:LCDPort(6)\__PA ,
            pad => \CharLCD_1:LCDPort(6)_PAD\ );
        Properties:
        {
        }

    Pin : Name = Pin_1(0)
        Attributes:
            In Group/Port: True
            In Sync Option: NOSYNC
            Out Sync Option: AUTO
            Interrupt generated: False
            Interrupt mode: NONE
            Drive mode: RES_PULL_UP
            VTrip: CMOS
            Slew: FAST
            Input Sync needed: False
            Output Sync needed: False
            SC shield enabled: False
            POR State: ANY
            LCD Mode: COMMON
            Register Mode: RegComb
            CaSense Mode: NEITHER
            Treat as pin: True
            Is OE Registered: False
            Uses Analog: False
            Can contain Digital: True
            Is SIO: False
            SIO Output Buf: NONREGULATED
            SIO Input Buf: SINGLE_ENDED
            SIO HiFreq: LOW
            SIO Hyst: DISABLED
            SIO Vtrip: MULTIPLIER_0_5
            SIO Multiplier Index: 0
            SIO RefSel: VCC_IO
            Required Capabilities: DIGITAL, ROUTABLE
            Initial Value: 1
            IO Voltage: 0
        PORT MAP (
            pa_out => Pin_1(0)__PA ,
            fb => Net_118 ,
            pad => Pin_1(0)_PAD );
        Properties:
        {
        }
    </CYPRESSTAG>
    <CYPRESSTAG name="Macrocell listing" icon="FILE_RPT_EQUATION">

    ------------------------------------------------------------
    Macrocell listing
    ------------------------------------------------------------

    MacroCell: Name=\Counter_1:CounterUDB:status_0\, Mode=(Combinatorial)
        Total # of inputs        : 2
        Total # of product terms : 1
            Clock Enable: True
        Main Equation            : 1 pterm
        (
              \Counter_1:CounterUDB:cmp_out_i\ * 
              !\Counter_1:CounterUDB:prevCompare\
        );
        Output = \Counter_1:CounterUDB:status_0\ (fanout=1)

    MacroCell: Name=\Counter_1:CounterUDB:status_2\, Mode=(Combinatorial)
        Total # of inputs        : 2
        Total # of product terms : 1
            Clock Enable: True
        Main Equation            : 1 pterm
        (
              \Counter_1:CounterUDB:reload\ * 
              !\Counter_1:CounterUDB:overflow_reg_i\
        );
        Output = \Counter_1:CounterUDB:status_2\ (fanout=1)

    MacroCell: Name=\Counter_1:CounterUDB:count_enable\, Mode=(Combinatorial)
        Total # of inputs        : 3
        Total # of product terms : 1
            Clock Enable: True
        Main Equation            : 1 pterm
        (
              \Counter_1:CounterUDB:control_7\ * 
              !\Counter_1:CounterUDB:count_stored_i\ * Net_118
        );
        Output = \Counter_1:CounterUDB:count_enable\ (fanout=3)

    MacroCell: Name=__ONE__, Mode=(Combinatorial)
        Total # of inputs        : 0
        Total # of product terms : 0
            Clock Enable: True
        Main Equation            : 0 pterms
        !(
            0
        );
        Output = __ONE__ (fanout=3)

    MacroCell: Name=\Counter_1:CounterUDB:overflow_reg_i\, Mode=(D-Register)
        Total # of inputs        : 1
        Total # of product terms : 1
        List of special equations: 
            Clock  = (Net_113) => Global
            Clock Enable: True
        Main Equation            : 1 pterm
        (
              \Counter_1:CounterUDB:reload\
        );
        Output = \Counter_1:CounterUDB:overflow_reg_i\ (fanout=2)

    MacroCell: Name=\Counter_1:CounterUDB:prevCompare\, Mode=(D-Register)
        Total # of inputs        : 1
        Total # of product terms : 1
        List of special equations: 
            Clock  = (Net_113) => Global
            Clock Enable: True
        Main Equation            : 1 pterm
        (
              \Counter_1:CounterUDB:cmp_out_i\
        );
        Output = \Counter_1:CounterUDB:prevCompare\ (fanout=2)

    MacroCell: Name=\Counter_1:CounterUDB:count_stored_i\, Mode=(D-Register)
        Total # of inputs        : 1
        Total # of product terms : 1
        List of special equations: 
            Clock  = (Net_113) => Global
            Clock Enable: True
        Main Equation            : 1 pterm
        (
              Net_118
        );
        Output = \Counter_1:CounterUDB:count_stored_i\ (fanout=1)
    </CYPRESSTAG>
    <CYPRESSTAG name="Datapath listing">

    ------------------------------------------------------------
    Datapath listing
    ------------------------------------------------------------

    datapathcell: Name =\Counter_1:CounterUDB:sC24:counterdp:u0\
        PORT MAP (
            clock => Net_113 ,
            cs_addr_2 => __ONE__ ,
            cs_addr_1 => \Counter_1:CounterUDB:count_enable\ ,
            cs_addr_0 => \Counter_1:CounterUDB:reload\ ,
            chain_out => \Counter_1:CounterUDB:sC24:counterdp:carry0\ );
        Properties:
        {
            a0_init = "00000000"
            a1_init = "00000000"
            ce0_sync = 1
            ce1_sync = 1
            cl0_sync = 1
            cl1_sync = 1
            cmsb_sync = 1
            co_msb_sync = 1
            cy_dpconfig = "0000000001000000000000001000000001000000010000000000000010000000000000000100000010101000010100000010000001000000101010000101000011111111000000001111111111111111101000000000000000000001000000000000000000011000"
            d0_init = "00000000"
            d1_init = "00000000"
            f0_blk_sync = 1
            f0_bus_sync = 1
            f1_blk_sync = 1
            f1_bus_sync = 1
            ff0_sync = 1
            ff1_sync = 1
            ov_msb_sync = 1
            so_sync = 1
            z0_sync = 1
            z1_sync = 1
        }
        Clock Polarity: Active High
        Clock Enable: True
        Next in chain : \Counter_1:CounterUDB:sC24:counterdp:u1\

    datapathcell: Name =\Counter_1:CounterUDB:sC24:counterdp:u1\
        PORT MAP (
            clock => Net_113 ,
            cs_addr_2 => __ONE__ ,
            cs_addr_1 => \Counter_1:CounterUDB:count_enable\ ,
            cs_addr_0 => \Counter_1:CounterUDB:reload\ ,
            chain_in => \Counter_1:CounterUDB:sC24:counterdp:carry0\ ,
            chain_out => \Counter_1:CounterUDB:sC24:counterdp:carry1\ );
        Properties:
        {
            a0_init = "00000000"
            a1_init = "00000000"
            ce0_sync = 1
            ce1_sync = 1
            cl0_sync = 1
            cl1_sync = 1
            cmsb_sync = 1
            co_msb_sync = 1
            cy_dpconfig = "0000000001000000000000001000000001000000010000000000000010000000000000000100000010101000010100000010000001000000101010000101000011111111000000001111111111111111101011110000000000000001000001110000000000011000"
            d0_init = "00000000"
            d1_init = "00000000"
            f0_blk_sync = 1
            f0_bus_sync = 1
            f1_blk_sync = 1
            f1_bus_sync = 1
            ff0_sync = 1
            ff1_sync = 1
            ov_msb_sync = 1
            so_sync = 1
            z0_sync = 1
            z1_sync = 1
        }
        Clock Polarity: Active High
        Clock Enable: True
        Previous in chain : \Counter_1:CounterUDB:sC24:counterdp:u0\
        Next in chain : \Counter_1:CounterUDB:sC24:counterdp:u2\

    datapathcell: Name =\Counter_1:CounterUDB:sC24:counterdp:u2\
        PORT MAP (
            clock => Net_113 ,
            cs_addr_2 => __ONE__ ,
            cs_addr_1 => \Counter_1:CounterUDB:count_enable\ ,
            cs_addr_0 => \Counter_1:CounterUDB:reload\ ,
            ce0_comb => \Counter_1:CounterUDB:reload\ ,
            z0_comb => \Counter_1:CounterUDB:status_1\ ,
            cl1_comb => \Counter_1:CounterUDB:cmp_out_i\ ,
            f0_bus_stat_comb => \Counter_1:CounterUDB:status_6\ ,
            f0_blk_stat_comb => \Counter_1:CounterUDB:status_5\ ,
            chain_in => \Counter_1:CounterUDB:sC24:counterdp:carry1\ );
        Properties:
        {
            a0_init = "00000000"
            a1_init = "00000000"
            ce0_sync = 1
            ce1_sync = 1
            cl0_sync = 1
            cl1_sync = 1
            cmsb_sync = 1
            co_msb_sync = 1
            cy_dpconfig = "0000000001000000000000001000000001000000010000000000000010000000000000000100000010101000010100000010000001000000101010000101000011111111000000001111111111111111101011110000000000000001000001110000000000011000"
            d0_init = "00000000"
            d1_init = "00000000"
            f0_blk_sync = 1
            f0_bus_sync = 1
            f1_blk_sync = 1
            f1_bus_sync = 1
            ff0_sync = 1
            ff1_sync = 1
            ov_msb_sync = 1
            so_sync = 1
            z0_sync = 1
            z1_sync = 1
        }
        Clock Polarity: Active High
        Clock Enable: True
        Previous in chain : \Counter_1:CounterUDB:sC24:counterdp:u1\
    </CYPRESSTAG>
    <CYPRESSTAG name="Status register listing">
    </CYPRESSTAG>
    <CYPRESSTAG name="StatusI register listing">

    ------------------------------------------------------------
    StatusI register listing
    ------------------------------------------------------------

    statusicell: Name =\Counter_1:CounterUDB:sSTSReg:stsreg\
        PORT MAP (
            clock => Net_113 ,
            status_6 => \Counter_1:CounterUDB:status_6\ ,
            status_5 => \Counter_1:CounterUDB:status_5\ ,
            status_2 => \Counter_1:CounterUDB:status_2\ ,
            status_1 => \Counter_1:CounterUDB:status_1\ ,
            status_0 => \Counter_1:CounterUDB:status_0\ ,
            interrupt => Net_34 );
        Properties:
        {
            cy_force_order = 1
            cy_int_mask = "1111111"
            cy_md_select = "0011111"
        }
        Clock Polarity: Active High
        Clock Enable: True
    </CYPRESSTAG>
    <CYPRESSTAG name="Sync listing">
    </CYPRESSTAG>
    <CYPRESSTAG name="Control register listing">

    ------------------------------------------------------------
    Control register listing
    ------------------------------------------------------------

    controlcell: Name =\Counter_1:CounterUDB:sCTRLReg:ctrlreg\
        PORT MAP (
            clock => Net_113 ,
            control_7 => \Counter_1:CounterUDB:control_7\ ,
            control_6 => \Counter_1:CounterUDB:control_6\ ,
            control_5 => \Counter_1:CounterUDB:control_5\ ,
            control_4 => \Counter_1:CounterUDB:control_4\ ,
            control_3 => \Counter_1:CounterUDB:control_3\ ,
            control_2 => \Counter_1:CounterUDB:control_2\ ,
            control_1 => \Counter_1:CounterUDB:control_1\ ,
            control_0 => \Counter_1:CounterUDB:control_0\ );
        Properties:
        {
            cy_ctrl_mode_0 = "11111111"
            cy_ctrl_mode_1 = "00000000"
            cy_ext_reset = 0
            cy_force_order = 1
            cy_init_value = "00000000"
        }
        Clock Polarity: Active High
        Clock Enable: True
    </CYPRESSTAG>
    <CYPRESSTAG name="Count7 listing">
    </CYPRESSTAG>
    <CYPRESSTAG name="DRQ listing">
    </CYPRESSTAG>
    <CYPRESSTAG name="Interrupt listing">

    ------------------------------------------------------------
    Interrupt listing
    ------------------------------------------------------------

    interrupt: Name =CounterISR
        PORT MAP (
            interrupt => Net_34 );
        Properties:
        {
            int_type = "00"
            is_nmi = 0
        }
    </CYPRESSTAG>
</CYPRESSTAG>
<CYPRESSTAG name="Technology mapping summary" expanded>

------------------------------------------------------------
Technology mapping summary
------------------------------------------------------------

Resource Type                 : Used : Free :  Max :  % Used
============================================================
Digital Clocks                :    1 :    7 :    8 : 12.50 %
Analog Clocks                 :    0 :    4 :    4 :  0.00 %
CapSense Buffers              :    0 :    2 :    2 :  0.00 %
Digital Filter Block          :    0 :    1 :    1 :  0.00 %
Interrupts                    :    1 :   31 :   32 :  3.13 %
IO                            :   13 :   59 :   72 : 18.06 %
Segment LCD                   :    0 :    1 :    1 :  0.00 %
CAN 2.0b                      :    0 :    1 :    1 :  0.00 %
I2C                           :    0 :    1 :    1 :  0.00 %
USB                           :    0 :    1 :    1 :  0.00 %
DMA Channels                  :    0 :   24 :   24 :  0.00 %
Timer                         :    0 :    4 :    4 :  0.00 %
UDB                           :      :      :      :        
  Macrocells                  :    7 :  185 :  192 :  3.65 %
  Unique P-terms              :    6 :  378 :  384 :  1.56 %
  Total P-terms               :    6 :      :      :        
  Datapath Cells              :    3 :   21 :   24 : 12.50 %
  Status Cells                :    1 :   23 :   24 :  4.17 %
    StatusI Registers         :    1 :      :      :        
  Control Cells               :    1 :   23 :   24 :  4.17 %
    Control Registers         :    1 :      :      :        
Opamp                         :    0 :    4 :    4 :  0.00 %
Comparator                    :    0 :    4 :    4 :  0.00 %
Delta-Sigma ADC               :    0 :    1 :    1 :  0.00 %
LPF                           :    0 :    2 :    2 :  0.00 %
SAR ADC                       :    0 :    2 :    2 :  0.00 %
Analog (SC/CT) Blocks         :    0 :    4 :    4 :  0.00 %
DAC                           :      :      :      :        
  VIDAC                       :    0 :    4 :    4 :  0.00 %
</CYPRESSTAG>
Technology Mapping: Elapsed time ==> 0s.086ms
Tech Mapping phase: Elapsed time ==> 0s.186ms
</CYPRESSTAG>
<CYPRESSTAG name="Analog Placement">
Initial Analog Placement Results:
IO_4@[IOP=(0)][IoId=(4)] : P0_4(0) (fixed)
IO_5@[IOP=(0)][IoId=(5)] : P0_5(0) (fixed)
IO_7@[IOP=(3)][IoId=(7)] : Pin_1(0) (fixed)
IO_0@[IOP=(2)][IoId=(0)] : \CharLCD_1:LCDPort(0)\ (fixed)
IO_1@[IOP=(2)][IoId=(1)] : \CharLCD_1:LCDPort(1)\ (fixed)
IO_2@[IOP=(2)][IoId=(2)] : \CharLCD_1:LCDPort(2)\ (fixed)
IO_3@[IOP=(2)][IoId=(3)] : \CharLCD_1:LCDPort(3)\ (fixed)
IO_4@[IOP=(2)][IoId=(4)] : \CharLCD_1:LCDPort(4)\ (fixed)
IO_5@[IOP=(2)][IoId=(5)] : \CharLCD_1:LCDPort(5)\ (fixed)
IO_6@[IOP=(2)][IoId=(6)] : \CharLCD_1:LCDPort(6)\ (fixed)
Analog Placement phase: Elapsed time ==> 0s.019ms
</CYPRESSTAG>
<CYPRESSTAG name="Analog Routing">
Analog Routing phase: Elapsed time ==> 0s.000ms
</CYPRESSTAG>
<CYPRESSTAG name="Analog Code Generation">
============ Analog Final Answer Routes ============
Dump of CyAnalogRoutingResultsDB
Map of net to items {
}
Map of item to net {
}
Mux Info {
}
Dump of CyP35AnalogRoutingResultsDB
IsVddaHalfUsedForComp = False
IsVddaHalfUsedForSar0 = False
IsVddaHalfUsedForSar1 = False
Analog Code Generation phase: Elapsed time ==> 0s.291ms
</CYPRESSTAG>
<CYPRESSTAG name="Digital Placement">
<CYPRESSTAG name="Detailed placement messages">
I2076: Total run-time: 0.7 sec.

</CYPRESSTAG>
<CYPRESSTAG name="PLD Packing">
<CYPRESSTAG name="PLD Packing Summary" expanded>

------------------------------------------------------------
PLD Packing Summary
------------------------------------------------------------
            Resource Type : Used : Free :  Max :  % Used
    ====================================================
                     PLDs :    4 :   44 :   48 :   8.33%

<CYPRESSTAG name="PLD Statistics">

        PLD Resource Type :     Average/LAB
    =======================================
                   Inputs :            1.75
                   Pterms :            1.50
               Macrocells :            1.75
</CYPRESSTAG>
<CYPRESSTAG name="Packed PLD Contents">
Packed PLD Contents not displayed at this verbose level.</CYPRESSTAG>
</CYPRESSTAG>
PLD Packing: Elapsed time ==> 0s.000ms
</CYPRESSTAG>
<CYPRESSTAG name="Partitioning">
<CYPRESSTAG name="Initial Partitioning Summary">
Initial Partitioning Summary not displayed at this verbose level.</CYPRESSTAG>
<CYPRESSTAG name="Final Partitioning Summary">
Final Partitioning Summary not displayed at this verbose level.</CYPRESSTAG>
Partitioning: Elapsed time ==> 0s.014ms
</CYPRESSTAG>
<CYPRESSTAG name="Final Placement Summary">

------------------------------------------------------------
Final Placement Summary
------------------------------------------------------------

       Resource Type :      Count : Avg Inputs : Avg Outputs
    ========================================================
                 UDB :          4 :       1.75 :       1.75
<CYPRESSTAG name="Final Placement Details">
<CYPRESSTAG name="Component Details">

------------------------------------------------------------
Component Placement Details
------------------------------------------------------------
UDB [UDB=(0,0)] is empty.
UDB [UDB=(0,1)] is empty.
UDB [UDB=(0,2)] is empty.
UDB [UDB=(0,3)] contents:
datapathcell: Name =\Counter_1:CounterUDB:sC24:counterdp:u0\
    PORT MAP (
        clock => Net_113 ,
        cs_addr_2 => __ONE__ ,
        cs_addr_1 => \Counter_1:CounterUDB:count_enable\ ,
        cs_addr_0 => \Counter_1:CounterUDB:reload\ ,
        chain_out => \Counter_1:CounterUDB:sC24:counterdp:carry0\ );
    Properties:
    {
        a0_init = "00000000"
        a1_init = "00000000"
        ce0_sync = 1
        ce1_sync = 1
        cl0_sync = 1
        cl1_sync = 1
        cmsb_sync = 1
        co_msb_sync = 1
        cy_dpconfig = "0000000001000000000000001000000001000000010000000000000010000000000000000100000010101000010100000010000001000000101010000101000011111111000000001111111111111111101000000000000000000001000000000000000000011000"
        d0_init = "00000000"
        d1_init = "00000000"
        f0_blk_sync = 1
        f0_bus_sync = 1
        f1_blk_sync = 1
        f1_bus_sync = 1
        ff0_sync = 1
        ff1_sync = 1
        ov_msb_sync = 1
        so_sync = 1
        z0_sync = 1
        z1_sync = 1
    }
    Clock Polarity: Active High
    Clock Enable: True
    Next in chain : \Counter_1:CounterUDB:sC24:counterdp:u1\

UDB [UDB=(0,4)] is empty.
UDB [UDB=(0,5)] is empty.
UDB [UDB=(1,0)] is empty.
UDB [UDB=(1,1)] is empty.
UDB [UDB=(1,2)] is empty.
UDB [UDB=(1,3)] contents:
LAB@[UDB=(1,3)][LB=0] #macrocells=2, #inputs=3, #pterms=2
{
    [McSlotId=0]:     MacroCell: Name=\Counter_1:CounterUDB:count_enable\, Mode=(Combinatorial) @ [UDB=(1,3)][LB=0][MC=0]
        Total # of inputs        : 3
        Total # of product terms : 1
            Clock Enable: True
        Main Equation            : 1 pterm
        (
              \Counter_1:CounterUDB:control_7\ * 
              !\Counter_1:CounterUDB:count_stored_i\ * Net_118
        );
        Output = \Counter_1:CounterUDB:count_enable\ (fanout=3)
        Properties               : 
        {
        }

    [McSlotId=1]:     MacroCell: Name=\Counter_1:CounterUDB:count_stored_i\, Mode=(D-Register) @ [UDB=(1,3)][LB=0][MC=1]
        Total # of inputs        : 1
        Total # of product terms : 1
        List of special equations: 
            Clock  = (Net_113) => Global
            Clock Enable: True
        Main Equation            : 1 pterm
        (
              Net_118
        );
        Output = \Counter_1:CounterUDB:count_stored_i\ (fanout=1)
        Properties               : 
        {
        }

    [McSlotId=2]: (empty)
    [McSlotId=3]: (empty)
}

datapathcell: Name =\Counter_1:CounterUDB:sC24:counterdp:u1\
    PORT MAP (
        clock => Net_113 ,
        cs_addr_2 => __ONE__ ,
        cs_addr_1 => \Counter_1:CounterUDB:count_enable\ ,
        cs_addr_0 => \Counter_1:CounterUDB:reload\ ,
        chain_in => \Counter_1:CounterUDB:sC24:counterdp:carry0\ ,
        chain_out => \Counter_1:CounterUDB:sC24:counterdp:carry1\ );
    Properties:
    {
        a0_init = "00000000"
        a1_init = "00000000"
        ce0_sync = 1
        ce1_sync = 1
        cl0_sync = 1
        cl1_sync = 1
        cmsb_sync = 1
        co_msb_sync = 1
        cy_dpconfig = "0000000001000000000000001000000001000000010000000000000010000000000000000100000010101000010100000010000001000000101010000101000011111111000000001111111111111111101011110000000000000001000001110000000000011000"
        d0_init = "00000000"
        d1_init = "00000000"
        f0_blk_sync = 1
        f0_bus_sync = 1
        f1_blk_sync = 1
        f1_bus_sync = 1
        ff0_sync = 1
        ff1_sync = 1
        ov_msb_sync = 1
        so_sync = 1
        z0_sync = 1
        z1_sync = 1
    }
    Clock Polarity: Active High
    Clock Enable: True
    Previous in chain : \Counter_1:CounterUDB:sC24:counterdp:u0\
    Next in chain : \Counter_1:CounterUDB:sC24:counterdp:u2\

controlcell: Name =\Counter_1:CounterUDB:sCTRLReg:ctrlreg\
    PORT MAP (
        clock => Net_113 ,
        control_7 => \Counter_1:CounterUDB:control_7\ ,
        control_6 => \Counter_1:CounterUDB:control_6\ ,
        control_5 => \Counter_1:CounterUDB:control_5\ ,
        control_4 => \Counter_1:CounterUDB:control_4\ ,
        control_3 => \Counter_1:CounterUDB:control_3\ ,
        control_2 => \Counter_1:CounterUDB:control_2\ ,
        control_1 => \Counter_1:CounterUDB:control_1\ ,
        control_0 => \Counter_1:CounterUDB:control_0\ );
    Properties:
    {
        cy_ctrl_mode_0 = "11111111"
        cy_ctrl_mode_1 = "00000000"
        cy_ext_reset = 0
        cy_force_order = 1
        cy_init_value = "00000000"
    }
    Clock Polarity: Active High
    Clock Enable: True

UDB [UDB=(1,4)] contents:
LAB@[UDB=(1,4)][LB=0] #macrocells=2, #inputs=2, #pterms=2
{
    [McSlotId=0]:     MacroCell: Name=\Counter_1:CounterUDB:status_0\, Mode=(Combinatorial) @ [UDB=(1,4)][LB=0][MC=0]
        Total # of inputs        : 2
        Total # of product terms : 1
            Clock Enable: True
        Main Equation            : 1 pterm
        (
              \Counter_1:CounterUDB:cmp_out_i\ * 
              !\Counter_1:CounterUDB:prevCompare\
        );
        Output = \Counter_1:CounterUDB:status_0\ (fanout=1)
        Properties               : 
        {
        }

    [McSlotId=1]:     MacroCell: Name=\Counter_1:CounterUDB:prevCompare\, Mode=(D-Register) @ [UDB=(1,4)][LB=0][MC=1]
        Total # of inputs        : 1
        Total # of product terms : 1
        List of special equations: 
            Clock  = (Net_113) => Global
            Clock Enable: True
        Main Equation            : 1 pterm
        (
              \Counter_1:CounterUDB:cmp_out_i\
        );
        Output = \Counter_1:CounterUDB:prevCompare\ (fanout=2)
        Properties               : 
        {
        }

    [McSlotId=2]: (empty)
    [McSlotId=3]: (empty)
}

LAB@[UDB=(1,4)][LB=1] #macrocells=2, #inputs=2, #pterms=2
{
    [McSlotId=0]: (empty)
    [McSlotId=1]: (empty)
    [McSlotId=2]:     MacroCell: Name=\Counter_1:CounterUDB:overflow_reg_i\, Mode=(D-Register) @ [UDB=(1,4)][LB=1][MC=2]
        Total # of inputs        : 1
        Total # of product terms : 1
        List of special equations: 
            Clock  = (Net_113) => Global
            Clock Enable: True
        Main Equation            : 1 pterm
        (
              \Counter_1:CounterUDB:reload\
        );
        Output = \Counter_1:CounterUDB:overflow_reg_i\ (fanout=2)
        Properties               : 
        {
        }

    [McSlotId=3]:     MacroCell: Name=\Counter_1:CounterUDB:status_2\, Mode=(Combinatorial) @ [UDB=(1,4)][LB=1][MC=3]
        Total # of inputs        : 2
        Total # of product terms : 1
            Clock Enable: True
        Main Equation            : 1 pterm
        (
              \Counter_1:CounterUDB:reload\ * 
              !\Counter_1:CounterUDB:overflow_reg_i\
        );
        Output = \Counter_1:CounterUDB:status_2\ (fanout=1)
        Properties               : 
        {
        }
}

datapathcell: Name =\Counter_1:CounterUDB:sC24:counterdp:u2\
    PORT MAP (
        clock => Net_113 ,
        cs_addr_2 => __ONE__ ,
        cs_addr_1 => \Counter_1:CounterUDB:count_enable\ ,
        cs_addr_0 => \Counter_1:CounterUDB:reload\ ,
        ce0_comb => \Counter_1:CounterUDB:reload\ ,
        z0_comb => \Counter_1:CounterUDB:status_1\ ,
        cl1_comb => \Counter_1:CounterUDB:cmp_out_i\ ,
        f0_bus_stat_comb => \Counter_1:CounterUDB:status_6\ ,
        f0_blk_stat_comb => \Counter_1:CounterUDB:status_5\ ,
        chain_in => \Counter_1:CounterUDB:sC24:counterdp:carry1\ );
    Properties:
    {
        a0_init = "00000000"
        a1_init = "00000000"
        ce0_sync = 1
        ce1_sync = 1
        cl0_sync = 1
        cl1_sync = 1
        cmsb_sync = 1
        co_msb_sync = 1
        cy_dpconfig = "0000000001000000000000001000000001000000010000000000000010000000000000000100000010101000010100000010000001000000101010000101000011111111000000001111111111111111101011110000000000000001000001110000000000011000"
        d0_init = "00000000"
        d1_init = "00000000"
        f0_blk_sync = 1
        f0_bus_sync = 1
        f1_blk_sync = 1
        f1_bus_sync = 1
        ff0_sync = 1
        ff1_sync = 1
        ov_msb_sync = 1
        so_sync = 1
        z0_sync = 1
        z1_sync = 1
    }
    Clock Polarity: Active High
    Clock Enable: True
    Previous in chain : \Counter_1:CounterUDB:sC24:counterdp:u1\

statusicell: Name =\Counter_1:CounterUDB:sSTSReg:stsreg\
    PORT MAP (
        clock => Net_113 ,
        status_6 => \Counter_1:CounterUDB:status_6\ ,
        status_5 => \Counter_1:CounterUDB:status_5\ ,
        status_2 => \Counter_1:CounterUDB:status_2\ ,
        status_1 => \Counter_1:CounterUDB:status_1\ ,
        status_0 => \Counter_1:CounterUDB:status_0\ ,
        interrupt => Net_34 );
    Properties:
    {
        cy_force_order = 1
        cy_int_mask = "1111111"
        cy_md_select = "0011111"
    }
    Clock Polarity: Active High
    Clock Enable: True

UDB [UDB=(1,5)] contents:
LAB@[UDB=(1,5)][LB=0] #macrocells=1, #inputs=0, #pterms=0
{
    [McSlotId=0]:     MacroCell: Name=__ONE__, Mode=(Combinatorial) @ [UDB=(1,5)][LB=0][MC=0]
        Total # of inputs        : 0
        Total # of product terms : 0
            Clock Enable: True
        Main Equation            : 0 pterms
        !(
            0
        );
        Output = __ONE__ (fanout=3)
        Properties               : 
        {
        }

    [McSlotId=1]: (empty)
    [McSlotId=2]: (empty)
    [McSlotId=3]: (empty)
}

UDB [UDB=(2,0)] is empty.
UDB [UDB=(2,1)] is empty.
UDB [UDB=(2,2)] is empty.
UDB [UDB=(2,3)] is empty.
UDB [UDB=(2,4)] is empty.
UDB [UDB=(2,5)] is empty.
UDB [UDB=(3,0)] is empty.
UDB [UDB=(3,1)] is empty.
UDB [UDB=(3,2)] is empty.
UDB [UDB=(3,3)] is empty.
UDB [UDB=(3,4)] is empty.
UDB [UDB=(3,5)] is empty.
Intr container @ [IntrContainer=(0)]: 
  Intr@ [IntrContainer=(0)][IntrId=(0)] 
    interrupt: Name =CounterISR
        PORT MAP (
            interrupt => Net_34 );
        Properties:
        {
            int_type = "00"
            is_nmi = 0
        }
Drq container @ [DrqContainer=(0)]: empty
Port 0 contains the following IO cells:
[IoId=4]: 
Pin : Name = P0_4(0)
    Attributes:
        In Group/Port: True
        In Sync Option: AUTO
        Out Sync Option: NOSYNC
        Interrupt generated: False
        Interrupt mode: NONE
        Drive mode: CMOS_OUT
        VTrip: EITHER
        Slew: FAST
        Input Sync needed: False
        Output Sync needed: False
        SC shield enabled: False
        POR State: ANY
        LCD Mode: COMMON
        Register Mode: RegComb
        CaSense Mode: NEITHER
        Treat as pin: True
        Is OE Registered: False
        Uses Analog: False
        Can contain Digital: True
        Is SIO: False
        SIO Output Buf: NONREGULATED
        SIO Input Buf: SINGLE_ENDED
        SIO HiFreq: LOW
        SIO Hyst: DISABLED
        SIO Vtrip: MULTIPLIER_0_5
        SIO Multiplier Index: 0
        SIO RefSel: VCC_IO
        Required Capabilities: DIGITAL, ROUTABLE
        Initial Value: 0
        IO Voltage: 0
    PORT MAP (
        pa_out => P0_4(0)__PA ,
        pin_input => \Counter_1:CounterUDB:overflow_reg_i\ ,
        pad => P0_4(0)_PAD );
    Properties:
    {
    }

[IoId=5]: 
Pin : Name = P0_5(0)
    Attributes:
        In Group/Port: True
        In Sync Option: AUTO
        Out Sync Option: NOSYNC
        Interrupt generated: False
        Interrupt mode: NONE
        Drive mode: CMOS_OUT
        VTrip: EITHER
        Slew: FAST
        Input Sync needed: False
        Output Sync needed: False
        SC shield enabled: False
        POR State: ANY
        LCD Mode: COMMON
        Register Mode: RegComb
        CaSense Mode: NEITHER
        Treat as pin: True
        Is OE Registered: False
        Uses Analog: False
        Can contain Digital: True
        Is SIO: False
        SIO Output Buf: NONREGULATED
        SIO Input Buf: SINGLE_ENDED
        SIO HiFreq: LOW
        SIO Hyst: DISABLED
        SIO Vtrip: MULTIPLIER_0_5
        SIO Multiplier Index: 0
        SIO RefSel: VCC_IO
        Required Capabilities: DIGITAL, ROUTABLE
        Initial Value: 0
        IO Voltage: 0
    PORT MAP (
        pa_out => P0_5(0)__PA ,
        pin_input => \Counter_1:CounterUDB:prevCompare\ ,
        pad => P0_5(0)_PAD );
    Properties:
    {
    }

Port 1 contains the following IO cells:
Port 2 contains the following IO cells:
[IoId=0]: 
Pin : Name = \CharLCD_1:LCDPort(0)\
    Attributes:
        In Group/Port: True
        In Sync Option: AUTO
        Out Sync Option: NOSYNC
        Interrupt generated: False
        Interrupt mode: NONE
        Drive mode: CMOS_OUT
        VTrip: EITHER
        Slew: FAST
        Input Sync needed: False
        Output Sync needed: False
        SC shield enabled: False
        POR State: ANY
        LCD Mode: COMMON
        Register Mode: RegComb
        CaSense Mode: NEITHER
        Treat as pin: False
        Is OE Registered: False
        Uses Analog: False
        Can contain Digital: True
        Is SIO: False
        SIO Output Buf: NONREGULATED
        SIO Input Buf: SINGLE_ENDED
        SIO HiFreq: LOW
        SIO Hyst: DISABLED
        SIO Vtrip: MULTIPLIER_0_5
        SIO Multiplier Index: 0
        SIO RefSel: VCC_IO
        Required Capabilities: DIGITAL
        Initial Value: 0
        IO Voltage: 0
    PORT MAP (
        pa_out => \CharLCD_1:LCDPort(0)\__PA ,
        pad => \CharLCD_1:LCDPort(0)_PAD\ );
    Properties:
    {
    }

[IoId=1]: 
Pin : Name = \CharLCD_1:LCDPort(1)\
    Attributes:
        In Group/Port: True
        In Sync Option: AUTO
        Out Sync Option: NOSYNC
        Interrupt generated: False
        Interrupt mode: NONE
        Drive mode: CMOS_OUT
        VTrip: EITHER
        Slew: FAST
        Input Sync needed: False
        Output Sync needed: False
        SC shield enabled: False
        POR State: ANY
        LCD Mode: COMMON
        Register Mode: RegComb
        CaSense Mode: NEITHER
        Treat as pin: False
        Is OE Registered: False
        Uses Analog: False
        Can contain Digital: True
        Is SIO: False
        SIO Output Buf: NONREGULATED
        SIO Input Buf: SINGLE_ENDED
        SIO HiFreq: LOW
        SIO Hyst: DISABLED
        SIO Vtrip: MULTIPLIER_0_5
        SIO Multiplier Index: 0
        SIO RefSel: VCC_IO
        Required Capabilities: DIGITAL
        Initial Value: 0
        IO Voltage: 0
    PORT MAP (
        pa_out => \CharLCD_1:LCDPort(1)\__PA ,
        pad => \CharLCD_1:LCDPort(1)_PAD\ );
    Properties:
    {
    }

[IoId=2]: 
Pin : Name = \CharLCD_1:LCDPort(2)\
    Attributes:
        In Group/Port: True
        In Sync Option: AUTO
        Out Sync Option: NOSYNC
        Interrupt generated: False
        Interrupt mode: NONE
        Drive mode: CMOS_OUT
        VTrip: EITHER
        Slew: FAST
        Input Sync needed: False
        Output Sync needed: False
        SC shield enabled: False
        POR State: ANY
        LCD Mode: COMMON
        Register Mode: RegComb
        CaSense Mode: NEITHER
        Treat as pin: False
        Is OE Registered: False
        Uses Analog: False
        Can contain Digital: True
        Is SIO: False
        SIO Output Buf: NONREGULATED
        SIO Input Buf: SINGLE_ENDED
        SIO HiFreq: LOW
        SIO Hyst: DISABLED
        SIO Vtrip: MULTIPLIER_0_5
        SIO Multiplier Index: 0
        SIO RefSel: VCC_IO
        Required Capabilities: DIGITAL
        Initial Value: 0
        IO Voltage: 0
    PORT MAP (
        pa_out => \CharLCD_1:LCDPort(2)\__PA ,
        pad => \CharLCD_1:LCDPort(2)_PAD\ );
    Properties:
    {
    }

[IoId=3]: 
Pin : Name = \CharLCD_1:LCDPort(3)\
    Attributes:
        In Group/Port: True
        In Sync Option: AUTO
        Out Sync Option: NOSYNC
        Interrupt generated: False
        Interrupt mode: NONE
        Drive mode: CMOS_OUT
        VTrip: EITHER
        Slew: FAST
        Input Sync needed: False
        Output Sync needed: False
        SC shield enabled: False
        POR State: ANY
        LCD Mode: COMMON
        Register Mode: RegComb
        CaSense Mode: NEITHER
        Treat as pin: False
        Is OE Registered: False
        Uses Analog: False
        Can contain Digital: True
        Is SIO: False
        SIO Output Buf: NONREGULATED
        SIO Input Buf: SINGLE_ENDED
        SIO HiFreq: LOW
        SIO Hyst: DISABLED
        SIO Vtrip: MULTIPLIER_0_5
        SIO Multiplier Index: 0
        SIO RefSel: VCC_IO
        Required Capabilities: DIGITAL
        Initial Value: 0
        IO Voltage: 0
    PORT MAP (
        pa_out => \CharLCD_1:LCDPort(3)\__PA ,
        pad => \CharLCD_1:LCDPort(3)_PAD\ );
    Properties:
    {
    }

[IoId=4]: 
Pin : Name = \CharLCD_1:LCDPort(4)\
    Attributes:
        In Group/Port: True
        In Sync Option: AUTO
        Out Sync Option: NOSYNC
        Interrupt generated: False
        Interrupt mode: NONE
        Drive mode: CMOS_OUT
        VTrip: EITHER
        Slew: FAST
        Input Sync needed: False
        Output Sync needed: False
        SC shield enabled: False
        POR State: ANY
        LCD Mode: COMMON
        Register Mode: RegComb
        CaSense Mode: NEITHER
        Treat as pin: False
        Is OE Registered: False
        Uses Analog: False
        Can contain Digital: True
        Is SIO: False
        SIO Output Buf: NONREGULATED
        SIO Input Buf: SINGLE_ENDED
        SIO HiFreq: LOW
        SIO Hyst: DISABLED
        SIO Vtrip: MULTIPLIER_0_5
        SIO Multiplier Index: 0
        SIO RefSel: VCC_IO
        Required Capabilities: DIGITAL
        Initial Value: 0
        IO Voltage: 0
    PORT MAP (
        pa_out => \CharLCD_1:LCDPort(4)\__PA ,
        pad => \CharLCD_1:LCDPort(4)_PAD\ );
    Properties:
    {
    }

[IoId=5]: 
Pin : Name = \CharLCD_1:LCDPort(5)\
    Attributes:
        In Group/Port: True
        In Sync Option: AUTO
        Out Sync Option: NOSYNC
        Interrupt generated: False
        Interrupt mode: NONE
        Drive mode: CMOS_OUT
        VTrip: EITHER
        Slew: FAST
        Input Sync needed: False
        Output Sync needed: False
        SC shield enabled: False
        POR State: ANY
        LCD Mode: COMMON
        Register Mode: RegComb
        CaSense Mode: NEITHER
        Treat as pin: False
        Is OE Registered: False
        Uses Analog: False
        Can contain Digital: True
        Is SIO: False
        SIO Output Buf: NONREGULATED
        SIO Input Buf: SINGLE_ENDED
        SIO HiFreq: LOW
        SIO Hyst: DISABLED
        SIO Vtrip: MULTIPLIER_0_5
        SIO Multiplier Index: 0
        SIO RefSel: VCC_IO
        Required Capabilities: DIGITAL
        Initial Value: 0
        IO Voltage: 0
    PORT MAP (
        pa_out => \CharLCD_1:LCDPort(5)\__PA ,
        pad => \CharLCD_1:LCDPort(5)_PAD\ );
    Properties:
    {
    }

[IoId=6]: 
Pin : Name = \CharLCD_1:LCDPort(6)\
    Attributes:
        In Group/Port: True
        In Sync Option: AUTO
        Out Sync Option: NOSYNC
        Interrupt generated: False
        Interrupt mode: NONE
        Drive mode: CMOS_OUT
        VTrip: EITHER
        Slew: FAST
        Input Sync needed: False
        Output Sync needed: False
        SC shield enabled: False
        POR State: ANY
        LCD Mode: COMMON
        Register Mode: RegComb
        CaSense Mode: NEITHER
        Treat as pin: False
        Is OE Registered: False
        Uses Analog: False
        Can contain Digital: True
        Is SIO: False
        SIO Output Buf: NONREGULATED
        SIO Input Buf: SINGLE_ENDED
        SIO HiFreq: LOW
        SIO Hyst: DISABLED
        SIO Vtrip: MULTIPLIER_0_5
        SIO Multiplier Index: 0
        SIO RefSel: VCC_IO
        Required Capabilities: DIGITAL
        Initial Value: 0
        IO Voltage: 0
    PORT MAP (
        pa_out => \CharLCD_1:LCDPort(6)\__PA ,
        pad => \CharLCD_1:LCDPort(6)_PAD\ );
    Properties:
    {
    }

Port 3 contains the following IO cells:
[IoId=7]: 
Pin : Name = Pin_1(0)
    Attributes:
        In Group/Port: True
        In Sync Option: NOSYNC
        Out Sync Option: AUTO
        Interrupt generated: False
        Interrupt mode: NONE
        Drive mode: RES_PULL_UP
        VTrip: CMOS
        Slew: FAST
        Input Sync needed: False
        Output Sync needed: False
        SC shield enabled: False
        POR State: ANY
        LCD Mode: COMMON
        Register Mode: RegComb
        CaSense Mode: NEITHER
        Treat as pin: True
        Is OE Registered: False
        Uses Analog: False
        Can contain Digital: True
        Is SIO: False
        SIO Output Buf: NONREGULATED
        SIO Input Buf: SINGLE_ENDED
        SIO HiFreq: LOW
        SIO Hyst: DISABLED
        SIO Vtrip: MULTIPLIER_0_5
        SIO Multiplier Index: 0
        SIO RefSel: VCC_IO
        Required Capabilities: DIGITAL, ROUTABLE
        Initial Value: 1
        IO Voltage: 0
    PORT MAP (
        pa_out => Pin_1(0)__PA ,
        fb => Net_118 ,
        pad => Pin_1(0)_PAD );
    Properties:
    {
    }

Port 4 contains the following IO cells:
Port 5 contains the following IO cells:
Port 6 contains the following IO cells:
Port 12 contains the following IO cells:
Port 15 contains the following IO cells:
ARM group 0: empty
CAN group 0: empty
Cache group 0: empty
CapSense group 0: empty
Clock group 0: 
    Clock Block @ F(Clock,0): 
    clockblockcell: Name =ClockBlock
        PORT MAP (
            imo => ClockBlock_IMO ,
            pllout => ClockBlock_PLL_OUT ,
            ilo => ClockBlock_ILO ,
            clk_100k => ClockBlock_100k ,
            clk_1k => ClockBlock_1k ,
            clk_32k => ClockBlock_32k ,
            xtal => ClockBlock_XTAL ,
            clk_32k_xtal => ClockBlock_XTAL_32KHZ ,
            clk_sync => ClockBlock_MASTER_CLK ,
            clk_bus_glb => ClockBlock_BUS_CLK ,
            clk_bus => ClockBlock_BUS_CLK_local ,
            dclk_glb_0 => Net_113 ,
            dclk_0 => Net_113_local );
        Properties:
        {
        }
Comparator group 0: empty
DFB group 0: empty
DSM group 0: empty
Decimator group 0: empty
EMIF group 0: empty
I2C group 0: empty
LCD group 0: empty
LVD group 0: empty
PICU group 0: empty
PM group 0: empty
SC group 0: empty
SPC group 0: empty
Timer group 0: empty
USB group 0: empty
VIDAC group 0: empty
OpAmp group 0: empty
CsAbuf group 0: empty
Vref group 0: empty
LPF group 0: empty
SAR group 0: empty
ANAIF group 0: empty
PHUB group 0: empty
</CYPRESSTAG>
<CYPRESSTAG name="Port Configuration Details">

------------------------------------------------------------
Port Configuration report
------------------------------------------------------------
     |     |       | Interrupt |                  |                        | 
Port | Pin | Fixed |      Type |       Drive Mode |                   Name | Connections
-----+-----+-------+-----------+------------------+------------------------+------------------------------------------
   0 |   4 |     * |      NONE |         CMOS_OUT |                P0_4(0) | In(\Counter_1:CounterUDB:overflow_reg_i\)
     |   5 |     * |      NONE |         CMOS_OUT |                P0_5(0) | In(\Counter_1:CounterUDB:prevCompare\)
-----+-----+-------+-----------+------------------+------------------------+------------------------------------------
   2 |   0 |     * |      NONE |         CMOS_OUT | \CharLCD_1:LCDPort(0)\ | 
     |   1 |     * |      NONE |         CMOS_OUT | \CharLCD_1:LCDPort(1)\ | 
     |   2 |     * |      NONE |         CMOS_OUT | \CharLCD_1:LCDPort(2)\ | 
     |   3 |     * |      NONE |         CMOS_OUT | \CharLCD_1:LCDPort(3)\ | 
     |   4 |     * |      NONE |         CMOS_OUT | \CharLCD_1:LCDPort(4)\ | 
     |   5 |     * |      NONE |         CMOS_OUT | \CharLCD_1:LCDPort(5)\ | 
     |   6 |     * |      NONE |         CMOS_OUT | \CharLCD_1:LCDPort(6)\ | 
-----+-----+-------+-----------+------------------+------------------------+------------------------------------------
   3 |   7 |     * |      NONE |      RES_PULL_UP |               Pin_1(0) | FB(Net_118)
----------------------------------------------------------------------------------------------------------------------
</CYPRESSTAG>
</CYPRESSTAG>
</CYPRESSTAG>
Digital component placer commit/Report: Elapsed time ==> 0s.024ms
Digital Placement phase: Elapsed time ==> 0s.967ms
</CYPRESSTAG>
<CYPRESSTAG name="Digital Routing">
"C:\Program Files (x86)\Cypress\PSoC Creator\4.2\PSoC Creator\bin/sjrouter.exe" --xml-path "C:\Program Files (x86)\Cypress\PSoC Creator\4.2\PSoC Creator\dev\psoc5/psoc5lp/route_arch-rrg.cydata" --vh2-path "Counter01_r.vh2" --pcf-path "Counter01.pco" --des-name "Counter01" --dsf-path "Counter01.dsf" --sdc-path "Counter01.sdc" --lib-path "Counter01_r.lib"
Routing successful.
Digital Routing phase: Elapsed time ==> 1s.293ms
</CYPRESSTAG>
<CYPRESSTAG name="Bitstream Generation">
Bitstream Generation phase: Elapsed time ==> 0s.152ms
</CYPRESSTAG>
<CYPRESSTAG name="Bitstream Verification">
Bitstream Verification phase: Elapsed time ==> 0s.034ms
</CYPRESSTAG>
<CYPRESSTAG name="Static timing analysis">
Timing report is in Counter01_timing.html.
Static timing analysis phase: Elapsed time ==> 0s.270ms
</CYPRESSTAG>
<CYPRESSTAG name="Data reporting">
Data reporting phase: Elapsed time ==> 0s.000ms
</CYPRESSTAG>
<CYPRESSTAG name="Database update...">
Design database save phase: Elapsed time ==> 0s.165ms
</CYPRESSTAG>
cydsfit: Elapsed time ==> 3s.406ms
</CYPRESSTAG>
Fitter phase: Elapsed time ==> 3s.406ms
API generation phase: Elapsed time ==> 0s.896ms
Dependency generation phase: Elapsed time ==> 0s.011ms
Cleanup phase: Elapsed time ==> 0s.001ms
