--------------- Build Started: 04/14/2020 13:57:30 Project: VoltageDisplay_SAR_ADC, Configuration: ARM GCC 5.4-2016-q2-update Debug ---------------
The code generation step is up to date.
arm-none-eabi-gcc.exe -mcpu=cortex-m3 -mthumb -I. -IGenerated_Source\PSoC5 -Wa,-alh=.\ARM_GCC_541\Debug/main.lst -g -Wall -ffunction-sections -ffat-lto-objects -O0 -c main.c -o .\ARM_GCC_541\Debug\main.o
main.c: In function 'Write_One_Byte':
main.c:173:9: warning: variable 'acktemp' set but not used [-Wunused-but-set-variable]
     int acktemp = 1;
         ^
main.c: In function 'Read_One_Byte':
main.c:186:9: warning: variable 'acktemp' set but not used [-Wunused-but-set-variable]
     int acktemp = 1;
         ^
main.c: In function 'main':
main.c:244:11: warning: unused variable 'dis' [-Wunused-variable]
     uchar dis[8];
           ^
main.c:242:17: warning: unused variable 'temp' [-Wunused-variable]
     long int ad,temp;
                 ^
main.c:225:12: warning: unused variable 'averageVolts' [-Wunused-variable]
     uint32 averageVolts = 0;
            ^
main.c:222:11: warning: unused variable 'voltSamples' [-Wunused-variable]
     int32 voltSamples = 0;
           ^
main.c:219:11: warning: unused variable 'sampleCount' [-Wunused-variable]
     uint8 sampleCount = 0;
           ^
main.c:216:11: warning: unused variable 'mVolts' [-Wunused-variable]
     int32 mVolts = 0;
           ^
main.c:213:11: warning: unused variable 'voltCount' [-Wunused-variable]
     int32 voltCount = 0;
           ^
arm-none-eabi-ar.exe -rs .\ARM_GCC_541\Debug\VoltageDisplay_SAR_ADC.a .\ARM_GCC_541\Debug\CyScBoostClk.o .\ARM_GCC_541\Debug\VoltInput.o .\ARM_GCC_541\Debug\LCD.o .\ARM_GCC_541\Debug\LCD_PM.o .\ARM_GCC_541\Debug\ADC.o .\ARM_GCC_541\Debug\ADC_INT.o .\ARM_GCC_541\Debug\ADC_PM.o .\ARM_GCC_541\Debug\LCD_LCDPort.o .\ARM_GCC_541\Debug\ADC_IRQ.o .\ARM_GCC_541\Debug\ADC_theACLK.o .\ARM_GCC_541\Debug\cy_em_eeprom.o .\ARM_GCC_541\Debug\CyDmac.o .\ARM_GCC_541\Debug\CyFlash.o .\ARM_GCC_541\Debug\CyLib.o .\ARM_GCC_541\Debug\cyPm.o .\ARM_GCC_541\Debug\CySpc.o .\ARM_GCC_541\Debug\cyutils.o .\ARM_GCC_541\Debug\Pin_1.o .\ARM_GCC_541\Debug\mySCL.o .\ARM_GCC_541\Debug\mySDA.o .\ARM_GCC_541\Debug\Counter_1.o .\ARM_GCC_541\Debug\Counter_1_PM.o .\ARM_GCC_541\Debug\P0_4.o .\ARM_GCC_541\Debug\P0_5.o .\ARM_GCC_541\Debug\CharLCD_1.o .\ARM_GCC_541\Debug\CharLCD_1_PM.o .\ARM_GCC_541\Debug\CharLCD_1_CustChars.o .\ARM_GCC_541\Debug\CounterISR.o .\ARM_GCC_541\Debug\clock_2.o .\ARM_GCC_541\Debug\CharLCD_1_LCDPort.o .\ARM_GCC_541\Debug\CyBootAsmGnu.o
arm-none-eabi-ar.exe: creating .\ARM_GCC_541\Debug\VoltageDisplay_SAR_ADC.a
arm-none-eabi-gcc.exe -Wl,--start-group -o "C:\Users\shkoli\Documents\PSoC Creator\CE222793_MotionSensor_RTOS\CE218138_BLE_Thermometer_RTOS\adcpsoc5\voltageDisplay_SAR_ADC\VoltageDisplay_SAR_ADC.cydsn\ARM_GCC_541\Debug\VoltageDisplay_SAR_ADC.elf" .\ARM_GCC_541\Debug\main.o .\ARM_GCC_541\Debug\cyfitter_cfg.o .\ARM_GCC_541\Debug\cymetadata.o .\ARM_GCC_541\Debug\Cm3Start.o .\ARM_GCC_541\Debug\VoltageDisplay_SAR_ADC.a "C:\Program Files (x86)\Cypress\PSoC Creator\4.2\PSoC Creator\psoc\content\cycomponentlibrary\CyComponentLibrary.cylib\CortexM3\ARM_GCC_541\Debug\CyComponentLibrary.a" -mcpu=cortex-m3 -mthumb -L Generated_Source\PSoC5 -Wl,-Map,.\ARM_GCC_541\Debug/VoltageDisplay_SAR_ADC.map -T Generated_Source\PSoC5\cm3gcc.ld -specs=nano.specs -Wl,--gc-sections -g -ffunction-sections -O0 -ffat-lto-objects -Wl,--end-group
cyelftool.exe -C "C:\Users\shkoli\Documents\PSoC Creator\CE222793_MotionSensor_RTOS\CE218138_BLE_Thermometer_RTOS\adcpsoc5\voltageDisplay_SAR_ADC\VoltageDisplay_SAR_ADC.cydsn\ARM_GCC_541\Debug\VoltageDisplay_SAR_ADC.elf" --flash_row_size 256 --flash_size 262144 --flash_offset 0x00000000
No ELF section .cychecksum found, creating one
Application checksum calculated and stored in ELF section .cychecksum
Checksum calculated and stored in ELF section .cymeta
cyelftool.exe -S "C:\Users\shkoli\Documents\PSoC Creator\CE222793_MotionSensor_RTOS\CE218138_BLE_Thermometer_RTOS\adcpsoc5\voltageDisplay_SAR_ADC\VoltageDisplay_SAR_ADC.cydsn\ARM_GCC_541\Debug\VoltageDisplay_SAR_ADC.elf"
Flash used: 10768 of 262144 bytes (4.1%).
SRAM used: 20869 of 65536 bytes (31.8%). Stack: 16384 bytes. Heap: 4096 bytes.
--------------- Build Succeeded: 04/14/2020 13:57:31 ---------------
