ARM GAS  C:\Users\shkoli\AppData\Local\Temp\ccbkyfnc.s 			page 1


   1              		.syntax unified
   2              		.cpu cortex-m3
   3              		.fpu softvfp
   4              		.eabi_attribute 20, 1
   5              		.eabi_attribute 21, 1
   6              		.eabi_attribute 23, 3
   7              		.eabi_attribute 24, 1
   8              		.eabi_attribute 25, 1
   9              		.eabi_attribute 26, 1
  10              		.eabi_attribute 30, 6
  11              		.eabi_attribute 34, 1
  12              		.eabi_attribute 18, 4
  13              		.thumb
  14              		.syntax unified
  15              		.file	"main.c"
  16              		.text
  17              	.Ltext0:
  18              		.cfi_sections	.debug_frame
  19              		.comm	interruptCnt,1,1
  20              		.section	.text.counterInterrupt,"ax",%progbits
  21              		.align	2
  22              		.global	counterInterrupt
  23              		.thumb
  24              		.thumb_func
  25              		.type	counterInterrupt, %function
  26              	counterInterrupt:
  27              	.LFB64:
  28              		.file 1 "main.c"
   1:main.c        **** /*******************************************************************************
   2:main.c        **** * File: main.c
   3:main.c        **** * 
   4:main.c        **** * Version : 1.10
   5:main.c        **** *
   6:main.c        **** * Description: 
   7:main.c        **** *   This is a source code for basic functionality of Counter.
   8:main.c        **** *
   9:main.c        **** ********************************************************************************
  10:main.c        **** * Copyright 2012-2014, Cypress Semiconductor Corporation. All rights reserved.
  11:main.c        **** * This software is owned by Cypress Semiconductor Corporation and is protected
  12:main.c        **** * by and subject to worldwide patent and copyright laws and treaties.
  13:main.c        **** * Therefore, you may use this software only as provided in the license agreement
  14:main.c        **** * accompanying the software package from which you obtained this software.
  15:main.c        **** * CYPRESS AND ITS SUPPLIERS MAKE NO WARRANTY OF ANY KIND, EXPRESS OR IMPLIED,
  16:main.c        **** * WITH REGARD TO THIS SOFTWARE, INCLUDING, BUT NOT LIMITED TO, NONINFRINGEMENT,
  17:main.c        **** * IMPLIED WARRANTIES OF MERCHANTABILITY AND FITNESS FOR A PARTICULAR PURPOSE.
  18:main.c        **** *******************************************************************************/
  19:main.c        **** #include <project.h>
  20:main.c        **** #include "stdio.h"
  21:main.c        **** 
  22:main.c        **** uint8 interruptCnt;
  23:main.c        **** 
  24:main.c        **** /*******************************************************************************
  25:main.c        **** * Interrupt
  26:main.c        **** ********************************************************************************
  27:main.c        **** *
  28:main.c        **** * Summary:
  29:main.c        **** *  Reads counter status register
ARM GAS  C:\Users\shkoli\AppData\Local\Temp\ccbkyfnc.s 			page 2


  30:main.c        **** *  Increments interrupt count
  31:main.c        **** * 
  32:main.c        **** *******************************************************************************/
  33:main.c        **** CY_ISR(counterInterrupt)
  34:main.c        **** {
  29              		.loc 1 34 0
  30              		.cfi_startproc
  31              		@ args = 0, pretend = 0, frame = 0
  32              		@ frame_needed = 1, uses_anonymous_args = 0
  33              		@ link register save eliminated.
  34 0000 80B4     		push	{r7}
  35              		.cfi_def_cfa_offset 4
  36              		.cfi_offset 7, -4
  37 0002 00AF     		add	r7, sp, #0
  38              		.cfi_def_cfa_register 7
  35:main.c        **** 	/* Read Status register in order to clear the sticky Terminal Count (TC) bit 
  36:main.c        **** 	 * in the status register. Note that the function is not called, but rather 
  37:main.c        **** 	 * the status is read directly.
  38:main.c        **** 	 */
  39:main.c        ****    	Counter_1_STATUS;
  39              		.loc 1 39 0
  40 0004 054B     		ldr	r3, .L2
  41 0006 1B78     		ldrb	r3, [r3]
  40:main.c        ****     
  41:main.c        **** 	
  42:main.c        **** 	/* Increment the Counter to indicate the keep track of the number of 
  43:main.c        ****      * interrupts received. 
  44:main.c        **** 	 */
  45:main.c        ****     interruptCnt++;    
  42              		.loc 1 45 0
  43 0008 054B     		ldr	r3, .L2+4
  44 000a 1B78     		ldrb	r3, [r3]	@ zero_extendqisi2
  45 000c 0133     		adds	r3, r3, #1
  46 000e DAB2     		uxtb	r2, r3
  47 0010 034B     		ldr	r3, .L2+4
  48 0012 1A70     		strb	r2, [r3]
  46:main.c        **** }
  49              		.loc 1 46 0
  50 0014 00BF     		nop
  51 0016 BD46     		mov	sp, r7
  52              		.cfi_def_cfa_register 13
  53              		@ sp needed
  54 0018 80BC     		pop	{r7}
  55              		.cfi_restore 7
  56              		.cfi_def_cfa_offset 0
  57 001a 7047     		bx	lr
  58              	.L3:
  59              		.align	2
  60              	.L2:
  61 001c 6C640040 		.word	1073767532
  62 0020 00000000 		.word	interruptCnt
  63              		.cfi_endproc
  64              	.LFE64:
  65              		.size	counterInterrupt, .-counterInterrupt
  66              		.section	.rodata
  67              		.align	2
  68              	.LC0:
ARM GAS  C:\Users\shkoli\AppData\Local\Temp\ccbkyfnc.s 			page 3


  69 0000 52706D3A 		.ascii	"Rpm:  \000"
  69      202000
  70 0007 00       		.align	2
  71              	.LC1:
  72 0008 466C6F77 		.ascii	"Flow: \000"
  72      3A2000
  73              		.global	__aeabi_ui2d
  74              		.global	__aeabi_dmul
  75              		.global	__aeabi_d2iz
  76 000f 00       		.align	2
  77              	.LC2:
  78 0010 256C7520 		.ascii	"%lu Lpm\000"
  78      4C706D00 
  79              		.section	.text.main,"ax",%progbits
  80              		.align	2
  81              		.global	main
  82              		.thumb
  83              		.thumb_func
  84              		.type	main, %function
  85              	main:
  86              	.LFB65:
  47:main.c        **** 
  48:main.c        **** 
  49:main.c        **** /*******************************************************************************
  50:main.c        **** * Function Name: main
  51:main.c        **** ********************************************************************************
  52:main.c        **** *
  53:main.c        **** * Summary:
  54:main.c        **** *  Main function performs following functions:
  55:main.c        **** *   1: Start components
  56:main.c        **** *   2: Enables global interrupts
  57:main.c        **** *	3: Print Period,compare and counter value on LCD
  58:main.c        **** * 
  59:main.c        **** * Parameters:
  60:main.c        **** *  None.
  61:main.c        **** *
  62:main.c        **** * Return:
  63:main.c        **** *  None.
  64:main.c        **** *
  65:main.c        **** *******************************************************************************/
  66:main.c        **** int main()
  67:main.c        **** {
  87              		.loc 1 67 0
  88              		.cfi_startproc
  89              		@ args = 0, pretend = 0, frame = 24
  90              		@ frame_needed = 1, uses_anonymous_args = 0
  91 0000 90B5     		push	{r4, r7, lr}
  92              		.cfi_def_cfa_offset 12
  93              		.cfi_offset 4, -12
  94              		.cfi_offset 7, -8
  95              		.cfi_offset 14, -4
  96 0002 87B0     		sub	sp, sp, #28
  97              		.cfi_def_cfa_offset 40
  98 0004 00AF     		add	r7, sp, #0
  99              		.cfi_def_cfa_register 7
  68:main.c        ****     /* Start and assign interrupt handle for interrupt component */
  69:main.c        ****     CounterISR_StartEx(counterInterrupt);
ARM GAS  C:\Users\shkoli\AppData\Local\Temp\ccbkyfnc.s 			page 4


 100              		.loc 1 69 0
 101 0006 3248     		ldr	r0, .L6+8
 102 0008 FFF7FEFF 		bl	CounterISR_StartEx
  70:main.c        **** 
  71:main.c        ****     CharLCD_1_Start();
 103              		.loc 1 71 0
 104 000c FFF7FEFF 		bl	CharLCD_1_Start
  72:main.c        ****     Counter_1_Start();
 105              		.loc 1 72 0
 106 0010 FFF7FEFF 		bl	Counter_1_Start
  73:main.c        ****    
  74:main.c        **** 	/* Enable Global interrupts */
  75:main.c        ****     CyGlobalIntEnable;
 107              		.loc 1 75 0
 108              		.syntax unified
 109              	@ 75 "main.c" 1
 110 0014 62B6     		CPSIE   i
 111              	@ 0 "" 2
  76:main.c        **** 
  77:main.c        ****     CharLCD_1_ClearDisplay();
 112              		.loc 1 77 0
 113              		.thumb
 114              		.syntax unified
 115 0016 0120     		movs	r0, #1
 116 0018 FFF7FEFF 		bl	CharLCD_1_WriteControl
  78:main.c        **** 
  79:main.c        ****     CharLCD_1_Position(0u, 0u);
 117              		.loc 1 79 0
 118 001c 0021     		movs	r1, #0
 119 001e 0020     		movs	r0, #0
 120 0020 FFF7FEFF 		bl	CharLCD_1_Position
  80:main.c        ****     CharLCD_1_PrintString("Rpm:  ");
 121              		.loc 1 80 0
 122 0024 2B48     		ldr	r0, .L6+12
 123 0026 FFF7FEFF 		bl	CharLCD_1_PrintString
  81:main.c        ****    
  82:main.c        **** 	CharLCD_1_Position(1u, 0u);
 124              		.loc 1 82 0
 125 002a 0021     		movs	r1, #0
 126 002c 0120     		movs	r0, #1
 127 002e FFF7FEFF 		bl	CharLCD_1_Position
  83:main.c        ****     CharLCD_1_PrintString("Flow: ");
 128              		.loc 1 83 0
 129 0032 2948     		ldr	r0, .L6+16
 130 0034 FFF7FEFF 		bl	CharLCD_1_PrintString
 131              	.L5:
 132              	.LBB2:
  84:main.c        ****     
  85:main.c        **** 
  86:main.c        ****     
  87:main.c        ****     for(;;)
  88:main.c        ****     {
  89:main.c        ****         Counter_1_WriteCounter(0);
 133              		.loc 1 89 0 discriminator 1
 134 0038 0020     		movs	r0, #0
 135 003a FFF7FEFF 		bl	Counter_1_WriteCounter
  90:main.c        ****         CyDelay(1000);
ARM GAS  C:\Users\shkoli\AppData\Local\Temp\ccbkyfnc.s 			page 5


 136              		.loc 1 90 0 discriminator 1
 137 003e 4FF47A70 		mov	r0, #1000
 138 0042 FFF7FEFF 		bl	CyDelay
  91:main.c        ****         CharLCD_1_Position(0u, 6u);
 139              		.loc 1 91 0 discriminator 1
 140 0046 0621     		movs	r1, #6
 141 0048 0020     		movs	r0, #0
 142 004a FFF7FEFF 		bl	CharLCD_1_Position
  92:main.c        ****         uint32_t countPerMin = Counter_1_ReadCounter()*60;
 143              		.loc 1 92 0 discriminator 1
 144 004e FFF7FEFF 		bl	Counter_1_ReadCounter
 145 0052 0246     		mov	r2, r0
 146 0054 1346     		mov	r3, r2
 147 0056 1B01     		lsls	r3, r3, #4
 148 0058 9B1A     		subs	r3, r3, r2
 149 005a 9B00     		lsls	r3, r3, #2
 150 005c 7B61     		str	r3, [r7, #20]
  93:main.c        ****        
  94:main.c        ****         
  95:main.c        ****         CharLCD_1_PrintNumber(countPerMin/12);
 151              		.loc 1 95 0 discriminator 1
 152 005e 7B69     		ldr	r3, [r7, #20]
 153 0060 1E4A     		ldr	r2, .L6+20
 154 0062 A2FB0323 		umull	r2, r3, r2, r3
 155 0066 DB08     		lsrs	r3, r3, #3
 156 0068 9BB2     		uxth	r3, r3
 157 006a 1846     		mov	r0, r3
 158 006c FFF7FEFF 		bl	CharLCD_1_PrintU32Number
  96:main.c        ****         
  97:main.c        ****         
  98:main.c        **** 		CharLCD_1_Position(1u, 6u);
 159              		.loc 1 98 0 discriminator 1
 160 0070 0621     		movs	r1, #6
 161 0072 0120     		movs	r0, #1
 162 0074 FFF7FEFF 		bl	CharLCD_1_Position
  99:main.c        ****         long lpm = countPerMin/12*0.0025;
 163              		.loc 1 99 0 discriminator 1
 164 0078 7B69     		ldr	r3, [r7, #20]
 165 007a 184A     		ldr	r2, .L6+20
 166 007c A2FB0323 		umull	r2, r3, r2, r3
 167 0080 DB08     		lsrs	r3, r3, #3
 168 0082 1846     		mov	r0, r3
 169 0084 FFF7FEFF 		bl	__aeabi_ui2d
 170 0088 0FA3     		adr	r3, .L6
 171 008a D3E90023 		ldrd	r2, [r3]
 172 008e FFF7FEFF 		bl	__aeabi_dmul
 173 0092 0346     		mov	r3, r0
 174 0094 0C46     		mov	r4, r1
 175 0096 1846     		mov	r0, r3
 176 0098 2146     		mov	r1, r4
 177 009a FFF7FEFF 		bl	__aeabi_d2iz
 178 009e 0346     		mov	r3, r0
 179 00a0 3B61     		str	r3, [r7, #16]
 100:main.c        ****         char displayStr[15] = {'\0'};
 180              		.loc 1 100 0 discriminator 1
 181 00a2 3B46     		mov	r3, r7
 182 00a4 0022     		movs	r2, #0
ARM GAS  C:\Users\shkoli\AppData\Local\Temp\ccbkyfnc.s 			page 6


 183 00a6 1A60     		str	r2, [r3]
 184 00a8 5A60     		str	r2, [r3, #4]
 185 00aa 9A60     		str	r2, [r3, #8]
 186 00ac C3F80B20 		str	r2, [r3, #11]	@ unaligned
 101:main.c        ****         sprintf(displayStr, "%lu Lpm", lpm );
 187              		.loc 1 101 0 discriminator 1
 188 00b0 3B46     		mov	r3, r7
 189 00b2 3A69     		ldr	r2, [r7, #16]
 190 00b4 0A49     		ldr	r1, .L6+24
 191 00b6 1846     		mov	r0, r3
 192 00b8 FFF7FEFF 		bl	sprintf
 102:main.c        ****         CharLCD_1_PrintString(displayStr);
 193              		.loc 1 102 0 discriminator 1
 194 00bc 3B46     		mov	r3, r7
 195 00be 1846     		mov	r0, r3
 196 00c0 FFF7FEFF 		bl	CharLCD_1_PrintString
 197              	.LBE2:
 103:main.c        ****         
 104:main.c        ****         
 105:main.c        ****     }
 198              		.loc 1 105 0 discriminator 1
 199 00c4 B8E7     		b	.L5
 200              	.L7:
 201 00c6 00BF     		.align	3
 202              	.L6:
 203 00c8 7B14AE47 		.word	1202590843
 204 00cc E17A643F 		.word	1063549665
 205 00d0 00000000 		.word	counterInterrupt
 206 00d4 00000000 		.word	.LC0
 207 00d8 08000000 		.word	.LC1
 208 00dc ABAAAAAA 		.word	-1431655765
 209 00e0 10000000 		.word	.LC2
 210              		.cfi_endproc
 211              	.LFE65:
 212              		.size	main, .-main
 213              		.text
 214              	.Letext0:
 215              		.file 2 "c:\\program files (x86)\\cypress\\psoc creator\\4.2\\psoc creator\\import\\gnu\\arm\\5.4.
 216              		.file 3 "c:\\program files (x86)\\cypress\\psoc creator\\4.2\\psoc creator\\import\\gnu\\arm\\5.4.
 217              		.file 4 "Generated_Source\\PSoC5/cytypes.h"
 218              		.file 5 "Generated_Source\\PSoC5/core_cm3.h"
 219              		.section	.debug_info,"",%progbits
 220              	.Ldebug_info0:
 221 0000 71010000 		.4byte	0x171
 222 0004 0400     		.2byte	0x4
 223 0006 00000000 		.4byte	.Ldebug_abbrev0
 224 000a 04       		.byte	0x4
 225 000b 01       		.uleb128 0x1
 226 000c 00000000 		.4byte	.LASF25
 227 0010 0C       		.byte	0xc
 228 0011 6E010000 		.4byte	.LASF26
 229 0015 BF010000 		.4byte	.LASF27
 230 0019 00000000 		.4byte	.Ldebug_ranges0+0
 231 001d 00000000 		.4byte	0
 232 0021 00000000 		.4byte	.Ldebug_line0
 233 0025 02       		.uleb128 0x2
 234 0026 01       		.byte	0x1
ARM GAS  C:\Users\shkoli\AppData\Local\Temp\ccbkyfnc.s 			page 7


 235 0027 06       		.byte	0x6
 236 0028 B3010000 		.4byte	.LASF0
 237 002c 02       		.uleb128 0x2
 238 002d 01       		.byte	0x1
 239 002e 08       		.byte	0x8
 240 002f AA000000 		.4byte	.LASF1
 241 0033 02       		.uleb128 0x2
 242 0034 02       		.byte	0x2
 243 0035 05       		.byte	0x5
 244 0036 85010000 		.4byte	.LASF2
 245 003a 02       		.uleb128 0x2
 246 003b 02       		.byte	0x2
 247 003c 07       		.byte	0x7
 248 003d CF000000 		.4byte	.LASF3
 249 0041 03       		.uleb128 0x3
 250 0042 8E000000 		.4byte	.LASF5
 251 0046 02       		.byte	0x2
 252 0047 3F       		.byte	0x3f
 253 0048 4C000000 		.4byte	0x4c
 254 004c 02       		.uleb128 0x2
 255 004d 04       		.byte	0x4
 256 004e 05       		.byte	0x5
 257 004f 9E010000 		.4byte	.LASF4
 258 0053 03       		.uleb128 0x3
 259 0054 F6000000 		.4byte	.LASF6
 260 0058 02       		.byte	0x2
 261 0059 41       		.byte	0x41
 262 005a 5E000000 		.4byte	0x5e
 263 005e 02       		.uleb128 0x2
 264 005f 04       		.byte	0x4
 265 0060 07       		.byte	0x7
 266 0061 BD000000 		.4byte	.LASF7
 267 0065 02       		.uleb128 0x2
 268 0066 08       		.byte	0x8
 269 0067 05       		.byte	0x5
 270 0068 4F010000 		.4byte	.LASF8
 271 006c 02       		.uleb128 0x2
 272 006d 08       		.byte	0x8
 273 006e 07       		.byte	0x7
 274 006f 27010000 		.4byte	.LASF9
 275 0073 04       		.uleb128 0x4
 276 0074 04       		.byte	0x4
 277 0075 05       		.byte	0x5
 278 0076 696E7400 		.ascii	"int\000"
 279 007a 02       		.uleb128 0x2
 280 007b 04       		.byte	0x4
 281 007c 07       		.byte	0x7
 282 007d 1A010000 		.4byte	.LASF10
 283 0081 03       		.uleb128 0x3
 284 0082 3E010000 		.4byte	.LASF11
 285 0086 03       		.byte	0x3
 286 0087 2C       		.byte	0x2c
 287 0088 41000000 		.4byte	0x41
 288 008c 03       		.uleb128 0x3
 289 008d 95010000 		.4byte	.LASF12
 290 0091 03       		.byte	0x3
 291 0092 30       		.byte	0x30
ARM GAS  C:\Users\shkoli\AppData\Local\Temp\ccbkyfnc.s 			page 8


 292 0093 53000000 		.4byte	0x53
 293 0097 05       		.uleb128 0x5
 294 0098 8F010000 		.4byte	.LASF13
 295 009c 04       		.byte	0x4
 296 009d 9201     		.2byte	0x192
 297 009f 2C000000 		.4byte	0x2c
 298 00a3 05       		.uleb128 0x5
 299 00a4 0E010000 		.4byte	.LASF14
 300 00a8 04       		.byte	0x4
 301 00a9 9301     		.2byte	0x193
 302 00ab 3A000000 		.4byte	0x3a
 303 00af 02       		.uleb128 0x2
 304 00b0 04       		.byte	0x4
 305 00b1 04       		.byte	0x4
 306 00b2 A4000000 		.4byte	.LASF15
 307 00b6 02       		.uleb128 0x2
 308 00b7 08       		.byte	0x8
 309 00b8 04       		.byte	0x4
 310 00b9 EF000000 		.4byte	.LASF16
 311 00bd 02       		.uleb128 0x2
 312 00be 01       		.byte	0x1
 313 00bf 08       		.byte	0x8
 314 00c0 75010000 		.4byte	.LASF17
 315 00c4 05       		.uleb128 0x5
 316 00c5 B8000000 		.4byte	.LASF18
 317 00c9 04       		.byte	0x4
 318 00ca 3C02     		.2byte	0x23c
 319 00cc D0000000 		.4byte	0xd0
 320 00d0 06       		.uleb128 0x6
 321 00d1 97000000 		.4byte	0x97
 322 00d5 02       		.uleb128 0x2
 323 00d6 08       		.byte	0x8
 324 00d7 04       		.byte	0x4
 325 00d8 A7010000 		.4byte	.LASF19
 326 00dc 02       		.uleb128 0x2
 327 00dd 04       		.byte	0x4
 328 00de 07       		.byte	0x7
 329 00df 46010000 		.4byte	.LASF20
 330 00e3 07       		.uleb128 0x7
 331 00e4 5D010000 		.4byte	.LASF28
 332 00e8 01       		.byte	0x1
 333 00e9 21       		.byte	0x21
 334 00ea 00000000 		.4byte	.LFB64
 335 00ee 24000000 		.4byte	.LFE64-.LFB64
 336 00f2 01       		.uleb128 0x1
 337 00f3 9C       		.byte	0x9c
 338 00f4 08       		.uleb128 0x8
 339 00f5 15010000 		.4byte	.LASF29
 340 00f9 01       		.byte	0x1
 341 00fa 42       		.byte	0x42
 342 00fb 73000000 		.4byte	0x73
 343 00ff 00000000 		.4byte	.LFB65
 344 0103 E4000000 		.4byte	.LFE65-.LFB65
 345 0107 01       		.uleb128 0x1
 346 0108 9C       		.byte	0x9c
 347 0109 42010000 		.4byte	0x142
 348 010d 09       		.uleb128 0x9
ARM GAS  C:\Users\shkoli\AppData\Local\Temp\ccbkyfnc.s 			page 9


 349 010e 38000000 		.4byte	.LBB2
 350 0112 8C000000 		.4byte	.LBE2-.LBB2
 351 0116 0A       		.uleb128 0xa
 352 0117 98000000 		.4byte	.LASF21
 353 011b 01       		.byte	0x1
 354 011c 5C       		.byte	0x5c
 355 011d 8C000000 		.4byte	0x8c
 356 0121 02       		.uleb128 0x2
 357 0122 91       		.byte	0x91
 358 0123 6C       		.sleb128 -20
 359 0124 0B       		.uleb128 0xb
 360 0125 6C706D00 		.ascii	"lpm\000"
 361 0129 01       		.byte	0x1
 362 012a 63       		.byte	0x63
 363 012b 4C000000 		.4byte	0x4c
 364 012f 02       		.uleb128 0x2
 365 0130 91       		.byte	0x91
 366 0131 68       		.sleb128 -24
 367 0132 0A       		.uleb128 0xa
 368 0133 7A010000 		.4byte	.LASF22
 369 0137 01       		.byte	0x1
 370 0138 64       		.byte	0x64
 371 0139 42010000 		.4byte	0x142
 372 013d 02       		.uleb128 0x2
 373 013e 91       		.byte	0x91
 374 013f 58       		.sleb128 -40
 375 0140 00       		.byte	0
 376 0141 00       		.byte	0
 377 0142 0C       		.uleb128 0xc
 378 0143 BD000000 		.4byte	0xbd
 379 0147 52010000 		.4byte	0x152
 380 014b 0D       		.uleb128 0xd
 381 014c DC000000 		.4byte	0xdc
 382 0150 0E       		.byte	0xe
 383 0151 00       		.byte	0
 384 0152 0E       		.uleb128 0xe
 385 0153 E2000000 		.4byte	.LASF23
 386 0157 05       		.byte	0x5
 387 0158 1207     		.2byte	0x712
 388 015a 5E010000 		.4byte	0x15e
 389 015e 06       		.uleb128 0x6
 390 015f 81000000 		.4byte	0x81
 391 0163 0F       		.uleb128 0xf
 392 0164 01010000 		.4byte	.LASF24
 393 0168 01       		.byte	0x1
 394 0169 16       		.byte	0x16
 395 016a 97000000 		.4byte	0x97
 396 016e 05       		.uleb128 0x5
 397 016f 03       		.byte	0x3
 398 0170 00000000 		.4byte	interruptCnt
 399 0174 00       		.byte	0
 400              		.section	.debug_abbrev,"",%progbits
 401              	.Ldebug_abbrev0:
 402 0000 01       		.uleb128 0x1
 403 0001 11       		.uleb128 0x11
 404 0002 01       		.byte	0x1
 405 0003 25       		.uleb128 0x25
ARM GAS  C:\Users\shkoli\AppData\Local\Temp\ccbkyfnc.s 			page 10


 406 0004 0E       		.uleb128 0xe
 407 0005 13       		.uleb128 0x13
 408 0006 0B       		.uleb128 0xb
 409 0007 03       		.uleb128 0x3
 410 0008 0E       		.uleb128 0xe
 411 0009 1B       		.uleb128 0x1b
 412 000a 0E       		.uleb128 0xe
 413 000b 55       		.uleb128 0x55
 414 000c 17       		.uleb128 0x17
 415 000d 11       		.uleb128 0x11
 416 000e 01       		.uleb128 0x1
 417 000f 10       		.uleb128 0x10
 418 0010 17       		.uleb128 0x17
 419 0011 00       		.byte	0
 420 0012 00       		.byte	0
 421 0013 02       		.uleb128 0x2
 422 0014 24       		.uleb128 0x24
 423 0015 00       		.byte	0
 424 0016 0B       		.uleb128 0xb
 425 0017 0B       		.uleb128 0xb
 426 0018 3E       		.uleb128 0x3e
 427 0019 0B       		.uleb128 0xb
 428 001a 03       		.uleb128 0x3
 429 001b 0E       		.uleb128 0xe
 430 001c 00       		.byte	0
 431 001d 00       		.byte	0
 432 001e 03       		.uleb128 0x3
 433 001f 16       		.uleb128 0x16
 434 0020 00       		.byte	0
 435 0021 03       		.uleb128 0x3
 436 0022 0E       		.uleb128 0xe
 437 0023 3A       		.uleb128 0x3a
 438 0024 0B       		.uleb128 0xb
 439 0025 3B       		.uleb128 0x3b
 440 0026 0B       		.uleb128 0xb
 441 0027 49       		.uleb128 0x49
 442 0028 13       		.uleb128 0x13
 443 0029 00       		.byte	0
 444 002a 00       		.byte	0
 445 002b 04       		.uleb128 0x4
 446 002c 24       		.uleb128 0x24
 447 002d 00       		.byte	0
 448 002e 0B       		.uleb128 0xb
 449 002f 0B       		.uleb128 0xb
 450 0030 3E       		.uleb128 0x3e
 451 0031 0B       		.uleb128 0xb
 452 0032 03       		.uleb128 0x3
 453 0033 08       		.uleb128 0x8
 454 0034 00       		.byte	0
 455 0035 00       		.byte	0
 456 0036 05       		.uleb128 0x5
 457 0037 16       		.uleb128 0x16
 458 0038 00       		.byte	0
 459 0039 03       		.uleb128 0x3
 460 003a 0E       		.uleb128 0xe
 461 003b 3A       		.uleb128 0x3a
 462 003c 0B       		.uleb128 0xb
ARM GAS  C:\Users\shkoli\AppData\Local\Temp\ccbkyfnc.s 			page 11


 463 003d 3B       		.uleb128 0x3b
 464 003e 05       		.uleb128 0x5
 465 003f 49       		.uleb128 0x49
 466 0040 13       		.uleb128 0x13
 467 0041 00       		.byte	0
 468 0042 00       		.byte	0
 469 0043 06       		.uleb128 0x6
 470 0044 35       		.uleb128 0x35
 471 0045 00       		.byte	0
 472 0046 49       		.uleb128 0x49
 473 0047 13       		.uleb128 0x13
 474 0048 00       		.byte	0
 475 0049 00       		.byte	0
 476 004a 07       		.uleb128 0x7
 477 004b 2E       		.uleb128 0x2e
 478 004c 00       		.byte	0
 479 004d 3F       		.uleb128 0x3f
 480 004e 19       		.uleb128 0x19
 481 004f 03       		.uleb128 0x3
 482 0050 0E       		.uleb128 0xe
 483 0051 3A       		.uleb128 0x3a
 484 0052 0B       		.uleb128 0xb
 485 0053 3B       		.uleb128 0x3b
 486 0054 0B       		.uleb128 0xb
 487 0055 27       		.uleb128 0x27
 488 0056 19       		.uleb128 0x19
 489 0057 11       		.uleb128 0x11
 490 0058 01       		.uleb128 0x1
 491 0059 12       		.uleb128 0x12
 492 005a 06       		.uleb128 0x6
 493 005b 40       		.uleb128 0x40
 494 005c 18       		.uleb128 0x18
 495 005d 9742     		.uleb128 0x2117
 496 005f 19       		.uleb128 0x19
 497 0060 00       		.byte	0
 498 0061 00       		.byte	0
 499 0062 08       		.uleb128 0x8
 500 0063 2E       		.uleb128 0x2e
 501 0064 01       		.byte	0x1
 502 0065 3F       		.uleb128 0x3f
 503 0066 19       		.uleb128 0x19
 504 0067 03       		.uleb128 0x3
 505 0068 0E       		.uleb128 0xe
 506 0069 3A       		.uleb128 0x3a
 507 006a 0B       		.uleb128 0xb
 508 006b 3B       		.uleb128 0x3b
 509 006c 0B       		.uleb128 0xb
 510 006d 49       		.uleb128 0x49
 511 006e 13       		.uleb128 0x13
 512 006f 11       		.uleb128 0x11
 513 0070 01       		.uleb128 0x1
 514 0071 12       		.uleb128 0x12
 515 0072 06       		.uleb128 0x6
 516 0073 40       		.uleb128 0x40
 517 0074 18       		.uleb128 0x18
 518 0075 9642     		.uleb128 0x2116
 519 0077 19       		.uleb128 0x19
ARM GAS  C:\Users\shkoli\AppData\Local\Temp\ccbkyfnc.s 			page 12


 520 0078 01       		.uleb128 0x1
 521 0079 13       		.uleb128 0x13
 522 007a 00       		.byte	0
 523 007b 00       		.byte	0
 524 007c 09       		.uleb128 0x9
 525 007d 0B       		.uleb128 0xb
 526 007e 01       		.byte	0x1
 527 007f 11       		.uleb128 0x11
 528 0080 01       		.uleb128 0x1
 529 0081 12       		.uleb128 0x12
 530 0082 06       		.uleb128 0x6
 531 0083 00       		.byte	0
 532 0084 00       		.byte	0
 533 0085 0A       		.uleb128 0xa
 534 0086 34       		.uleb128 0x34
 535 0087 00       		.byte	0
 536 0088 03       		.uleb128 0x3
 537 0089 0E       		.uleb128 0xe
 538 008a 3A       		.uleb128 0x3a
 539 008b 0B       		.uleb128 0xb
 540 008c 3B       		.uleb128 0x3b
 541 008d 0B       		.uleb128 0xb
 542 008e 49       		.uleb128 0x49
 543 008f 13       		.uleb128 0x13
 544 0090 02       		.uleb128 0x2
 545 0091 18       		.uleb128 0x18
 546 0092 00       		.byte	0
 547 0093 00       		.byte	0
 548 0094 0B       		.uleb128 0xb
 549 0095 34       		.uleb128 0x34
 550 0096 00       		.byte	0
 551 0097 03       		.uleb128 0x3
 552 0098 08       		.uleb128 0x8
 553 0099 3A       		.uleb128 0x3a
 554 009a 0B       		.uleb128 0xb
 555 009b 3B       		.uleb128 0x3b
 556 009c 0B       		.uleb128 0xb
 557 009d 49       		.uleb128 0x49
 558 009e 13       		.uleb128 0x13
 559 009f 02       		.uleb128 0x2
 560 00a0 18       		.uleb128 0x18
 561 00a1 00       		.byte	0
 562 00a2 00       		.byte	0
 563 00a3 0C       		.uleb128 0xc
 564 00a4 01       		.uleb128 0x1
 565 00a5 01       		.byte	0x1
 566 00a6 49       		.uleb128 0x49
 567 00a7 13       		.uleb128 0x13
 568 00a8 01       		.uleb128 0x1
 569 00a9 13       		.uleb128 0x13
 570 00aa 00       		.byte	0
 571 00ab 00       		.byte	0
 572 00ac 0D       		.uleb128 0xd
 573 00ad 21       		.uleb128 0x21
 574 00ae 00       		.byte	0
 575 00af 49       		.uleb128 0x49
 576 00b0 13       		.uleb128 0x13
ARM GAS  C:\Users\shkoli\AppData\Local\Temp\ccbkyfnc.s 			page 13


 577 00b1 2F       		.uleb128 0x2f
 578 00b2 0B       		.uleb128 0xb
 579 00b3 00       		.byte	0
 580 00b4 00       		.byte	0
 581 00b5 0E       		.uleb128 0xe
 582 00b6 34       		.uleb128 0x34
 583 00b7 00       		.byte	0
 584 00b8 03       		.uleb128 0x3
 585 00b9 0E       		.uleb128 0xe
 586 00ba 3A       		.uleb128 0x3a
 587 00bb 0B       		.uleb128 0xb
 588 00bc 3B       		.uleb128 0x3b
 589 00bd 05       		.uleb128 0x5
 590 00be 49       		.uleb128 0x49
 591 00bf 13       		.uleb128 0x13
 592 00c0 3F       		.uleb128 0x3f
 593 00c1 19       		.uleb128 0x19
 594 00c2 3C       		.uleb128 0x3c
 595 00c3 19       		.uleb128 0x19
 596 00c4 00       		.byte	0
 597 00c5 00       		.byte	0
 598 00c6 0F       		.uleb128 0xf
 599 00c7 34       		.uleb128 0x34
 600 00c8 00       		.byte	0
 601 00c9 03       		.uleb128 0x3
 602 00ca 0E       		.uleb128 0xe
 603 00cb 3A       		.uleb128 0x3a
 604 00cc 0B       		.uleb128 0xb
 605 00cd 3B       		.uleb128 0x3b
 606 00ce 0B       		.uleb128 0xb
 607 00cf 49       		.uleb128 0x49
 608 00d0 13       		.uleb128 0x13
 609 00d1 3F       		.uleb128 0x3f
 610 00d2 19       		.uleb128 0x19
 611 00d3 02       		.uleb128 0x2
 612 00d4 18       		.uleb128 0x18
 613 00d5 00       		.byte	0
 614 00d6 00       		.byte	0
 615 00d7 00       		.byte	0
 616              		.section	.debug_aranges,"",%progbits
 617 0000 24000000 		.4byte	0x24
 618 0004 0200     		.2byte	0x2
 619 0006 00000000 		.4byte	.Ldebug_info0
 620 000a 04       		.byte	0x4
 621 000b 00       		.byte	0
 622 000c 0000     		.2byte	0
 623 000e 0000     		.2byte	0
 624 0010 00000000 		.4byte	.LFB64
 625 0014 24000000 		.4byte	.LFE64-.LFB64
 626 0018 00000000 		.4byte	.LFB65
 627 001c E4000000 		.4byte	.LFE65-.LFB65
 628 0020 00000000 		.4byte	0
 629 0024 00000000 		.4byte	0
 630              		.section	.debug_ranges,"",%progbits
 631              	.Ldebug_ranges0:
 632 0000 00000000 		.4byte	.LFB64
 633 0004 24000000 		.4byte	.LFE64
ARM GAS  C:\Users\shkoli\AppData\Local\Temp\ccbkyfnc.s 			page 14


 634 0008 00000000 		.4byte	.LFB65
 635 000c E4000000 		.4byte	.LFE65
 636 0010 00000000 		.4byte	0
 637 0014 00000000 		.4byte	0
 638              		.section	.debug_line,"",%progbits
 639              	.Ldebug_line0:
 640 0000 B5010000 		.section	.debug_str,"MS",%progbits,1
 640      02004C01 
 640      00000201 
 640      FB0E0D00 
 640      01010101 
 641              	.LASF25:
 642 0000 474E5520 		.ascii	"GNU C11 5.4.1 20160609 (release) [ARM/embedded-5-br"
 642      43313120 
 642      352E342E 
 642      31203230 
 642      31363036 
 643 0033 616E6368 		.ascii	"anch revision 237715] -mcpu=cortex-m3 -mthumb -g -O"
 643      20726576 
 643      6973696F 
 643      6E203233 
 643      37373135 
 644 0066 30202D66 		.ascii	"0 -ffunction-sections -ffat-lto-objects\000"
 644      66756E63 
 644      74696F6E 
 644      2D736563 
 644      74696F6E 
 645              	.LASF5:
 646 008e 5F5F696E 		.ascii	"__int32_t\000"
 646      7433325F 
 646      7400
 647              	.LASF21:
 648 0098 636F756E 		.ascii	"countPerMin\000"
 648      74506572 
 648      4D696E00 
 649              	.LASF15:
 650 00a4 666C6F61 		.ascii	"float\000"
 650      7400
 651              	.LASF1:
 652 00aa 756E7369 		.ascii	"unsigned char\000"
 652      676E6564 
 652      20636861 
 652      7200
 653              	.LASF18:
 654 00b8 72656738 		.ascii	"reg8\000"
 654      00
 655              	.LASF7:
 656 00bd 6C6F6E67 		.ascii	"long unsigned int\000"
 656      20756E73 
 656      69676E65 
 656      6420696E 
 656      7400
 657              	.LASF3:
 658 00cf 73686F72 		.ascii	"short unsigned int\000"
 658      7420756E 
 658      7369676E 
 658      65642069 
ARM GAS  C:\Users\shkoli\AppData\Local\Temp\ccbkyfnc.s 			page 15


 658      6E7400
 659              	.LASF23:
 660 00e2 49544D5F 		.ascii	"ITM_RxBuffer\000"
 660      52784275 
 660      66666572 
 660      00
 661              	.LASF16:
 662 00ef 646F7562 		.ascii	"double\000"
 662      6C6500
 663              	.LASF6:
 664 00f6 5F5F7569 		.ascii	"__uint32_t\000"
 664      6E743332 
 664      5F7400
 665              	.LASF24:
 666 0101 696E7465 		.ascii	"interruptCnt\000"
 666      72727570 
 666      74436E74 
 666      00
 667              	.LASF14:
 668 010e 75696E74 		.ascii	"uint16\000"
 668      313600
 669              	.LASF29:
 670 0115 6D61696E 		.ascii	"main\000"
 670      00
 671              	.LASF10:
 672 011a 756E7369 		.ascii	"unsigned int\000"
 672      676E6564 
 672      20696E74 
 672      00
 673              	.LASF9:
 674 0127 6C6F6E67 		.ascii	"long long unsigned int\000"
 674      206C6F6E 
 674      6720756E 
 674      7369676E 
 674      65642069 
 675              	.LASF11:
 676 013e 696E7433 		.ascii	"int32_t\000"
 676      325F7400 
 677              	.LASF20:
 678 0146 73697A65 		.ascii	"sizetype\000"
 678      74797065 
 678      00
 679              	.LASF8:
 680 014f 6C6F6E67 		.ascii	"long long int\000"
 680      206C6F6E 
 680      6720696E 
 680      7400
 681              	.LASF28:
 682 015d 636F756E 		.ascii	"counterInterrupt\000"
 682      74657249 
 682      6E746572 
 682      72757074 
 682      00
 683              	.LASF26:
 684 016e 6D61696E 		.ascii	"main.c\000"
 684      2E6300
 685              	.LASF17:
ARM GAS  C:\Users\shkoli\AppData\Local\Temp\ccbkyfnc.s 			page 16


 686 0175 63686172 		.ascii	"char\000"
 686      00
 687              	.LASF22:
 688 017a 64697370 		.ascii	"displayStr\000"
 688      6C617953 
 688      747200
 689              	.LASF2:
 690 0185 73686F72 		.ascii	"short int\000"
 690      7420696E 
 690      7400
 691              	.LASF13:
 692 018f 75696E74 		.ascii	"uint8\000"
 692      3800
 693              	.LASF12:
 694 0195 75696E74 		.ascii	"uint32_t\000"
 694      33325F74 
 694      00
 695              	.LASF4:
 696 019e 6C6F6E67 		.ascii	"long int\000"
 696      20696E74 
 696      00
 697              	.LASF19:
 698 01a7 6C6F6E67 		.ascii	"long double\000"
 698      20646F75 
 698      626C6500 
 699              	.LASF0:
 700 01b3 7369676E 		.ascii	"signed char\000"
 700      65642063 
 700      68617200 
 701              	.LASF27:
 702 01bf 433A5C55 		.ascii	"C:\\Users\\shkoli\\Downloads\\CE95350\\CE95350.cyds"
 702      73657273 
 702      5C73686B 
 702      6F6C695C 
 702      446F776E 
 703 01ed 6E5C436F 		.ascii	"n\\Counter01.cydsn\000"
 703      756E7465 
 703      7230312E 
 703      63796473 
 703      6E00
 704              		.ident	"GCC: (GNU Tools for ARM Embedded Processors) 5.4.1 20160609 (release) [ARM/embedded-5-bran
