C51 COMPILER V9.56.0.0   DISPLAY                                                           03/15/2019 10:49:49 PAGE 1   


C51 COMPILER V9.56.0.0, COMPILATION OF MODULE DISPLAY
OBJECT MODULE PLACED IN .\Objects\display.obj
COMPILER INVOKED BY: C:\Keil_v5\C51\BIN\C51.EXE display.c OPTIMIZE(8,SPEED) BROWSE DEBUG OBJECTEXTEND PRINT(.\Listings\d
                    -isplay.lst) TABS(2) OBJECT(.\Objects\display.obj)

line level    source

   1          #include <reg52.h>
   2          
   3          #define uchar unsigned char
   4          #define uint  unsigned int
   5          //定义Max7219端口
   6          sbit Max7219_pinCLK = P1^2;
   7          sbit Max7219_pinCS  = P1^1;
   8          sbit Max7219_pinDIN = P1^0;
   9          
  10          void Delay_xms(uint x)
  11          {
  12   1       uint i,j;
  13   1       for(i=0;i<x;i++)
  14   1        for(j=0;j<112;j++);
  15   1      }
  16          //--------------------------------------------
  17          //功能：向MAX7219(U3)写入字节
  18          //入口参数：DATA 
  19          //出口参数：无
  20          //说明：
  21          void Write_Max7219_byte(uchar DATA)         
  22          {
  23   1            uchar i;    
  24   1          Max7219_pinCS=0;    
  25   1            for(i=8;i>=1;i--)
  26   1                {     
  27   2                  Max7219_pinCLK=0;
  28   2                  Max7219_pinDIN=DATA&0x80;
  29   2                  DATA=DATA<<1;
  30   2                  Max7219_pinCLK=1;
  31   2                 }                                 
  32   1      }
  33          //-------------------------------------------
  34          //功能：向MAX7219写入数据
  35          //入口参数：address、dat
  36          //出口参数：无
  37          //说明：
  38          void Write_Max7219(uchar address,uchar dat)
  39          { 
  40   1           Max7219_pinCS=0;
  41   1         Write_Max7219_byte(address);           //写入地址，即数码管编号
  42   1           Write_Max7219_byte(dat);               //写入数据，即数码管显示数字 
  43   1         Max7219_pinCS=1;                        
  44   1      }
  45          
  46          void Init_MAX7219(void)
  47          {
  48   1       Write_Max7219(0x09, 0xff);       //译码方式：BCD码
  49   1       Write_Max7219(0x0a, 0x03);       //亮度
  50   1       Write_Max7219(0x0b, 0x07);       //扫描界限；4个数码管显示
  51   1       Write_Max7219(0x0c, 0x01);       //掉电模式：0，普通模式：1
  52   1       Write_Max7219(0x0f, 0x01);       //显示测试：1；测试结束，正常显示：0
  53   1      }

C51 COMPILER V9.56.0.0   DISPLAY                                                           03/15/2019 10:49:49 PAGE 2   


MODULE INFORMATION:   STATIC OVERLAYABLE
   CODE SIZE        =     97    ----
   CONSTANT SIZE    =   ----    ----
   XDATA SIZE       =   ----    ----
   PDATA SIZE       =   ----    ----
   DATA SIZE        =   ----    ----
   IDATA SIZE       =   ----    ----
   BIT SIZE         =   ----    ----
END OF MODULE INFORMATION.


C51 COMPILATION COMPLETE.  0 WARNING(S),  0 ERROR(S)
