C51 COMPILER V9.56.0.0   IIC                                                               03/15/2019 10:49:49 PAGE 1   


C51 COMPILER V9.56.0.0, COMPILATION OF MODULE IIC
OBJECT MODULE PLACED IN .\Objects\IIC.obj
COMPILER INVOKED BY: C:\Keil_v5\C51\BIN\C51.EXE IIC.c OPTIMIZE(8,SPEED) BROWSE DEBUG OBJECTEXTEND PRINT(.\Listings\IIC.l
                    -st) TABS(2) OBJECT(.\Objects\IIC.obj)

line level    source

   1          #include <reg52.h>
   2          
   3          #define DELAY_TIME 60 /*经实验，不要小于50！否则可能造成时序混乱*/
   4          #define TRUE 1
   5          #define FALSE 0
   6          
   7          sbit SCL = P1 ^ 7; /*假设由P1.7和P1.6控制*/
   8          sbit SDA = P1 ^ 6;
   9          
  10          void DELAY(unsigned int t) /*延时函数*/
  11          {
  12   1          while (t != 0)
  13   1              t--;
  14   1      }
  15          void I2C_Start(void)
  16          {
  17   1          /*启动I2C总线的函数，当SCL为高电平时使SDA产生一个负跳变*/
  18   1          SDA = 1;
  19   1          SCL = 1;
  20   1          DELAY(DELAY_TIME);
  21   1          SDA = 0;
  22   1          DELAY(DELAY_TIME);
  23   1          SCL = 0;
  24   1          DELAY(DELAY_TIME);
  25   1      }
  26          
  27          void I2C_Stop(void)
  28          {
  29   1          /*终止I2C总线，当SCL为高电平时使SDA产生一个正跳变*/
  30   1          SDA = 0;
  31   1          SCL = 1;
  32   1          DELAY(DELAY_TIME);
  33   1          SDA = 1;
  34   1          DELAY(DELAY_TIME);
  35   1          SCL = 0;
  36   1          DELAY(DELAY_TIME);
  37   1      }
  38          
  39          void SEND_0(void) /* SEND ACK */
  40          {
  41   1          /*发送0，在SCL为高电平时使SDA信号为低*/
  42   1          SDA = 0;
  43   1          SCL = 1;
  44   1          DELAY(DELAY_TIME);
  45   1          SCL = 0;
  46   1          DELAY(DELAY_TIME);
  47   1      }
  48          
  49          void SEND_1(void)
  50          {
  51   1          /*发送1，在SCL为高电平时使SDA信号为高*/
  52   1          SDA = 1;
  53   1          SCL = 1;
  54   1          DELAY(DELAY_TIME);
C51 COMPILER V9.56.0.0   IIC                                                               03/15/2019 10:49:49 PAGE 2   

  55   1          SCL = 0;
  56   1          DELAY(DELAY_TIME);
  57   1      }
  58          
  59          bit Check_Acknowledge(void)
  60          {
  61   1          /*发送完一个字节后检验设备的应答信号*/
  62   1          SDA = 1;
  63   1          SCL = 1;
  64   1          DELAY(DELAY_TIME / 2);
  65   1          F0 = SDA;
  66   1          DELAY(DELAY_TIME / 2);
  67   1          SCL = 0;
  68   1          DELAY(DELAY_TIME);
  69   1          if (F0 == 1)
  70   1              return FALSE;
  71   1          return TRUE;
  72   1      }
  73          
  74          void WriteI2CByte(unsigned char b) reentrant
  75          {
  76   1          /*向I2C总线写一个字节*/
  77   1          char i;
  78   1          for (i = 0; i < 8; i++)
  79   1              if ((b << i) & 0x80)
  80   1                  SEND_1();
  81   1              else
  82   1                  SEND_0();
  83   1      }
  84          
  85          unsigned char ReadI2CByte(void) reentrant
  86          {
  87   1          /*从I2C总线读一个字节*/
  88   1          char b = 0, i;
  89   1          for (i = 0; i < 8; i++)
  90   1          {
  91   2              SDA = 1; /*释放总线*/
  92   2              SCL = 1; /*接受数据*/
  93   2              DELAY(10);
  94   2              F0 = SDA;
  95   2              DELAY(10);
  96   2              SCL = 0;
  97   2              if (F0 == 1)
  98   2              {
  99   3                  b = b << 1;
 100   3                  b = b | 0x01;
 101   3              }
 102   2              else
 103   2                  b = b << 1;
 104   2          }
 105   1          return b;
 106   1      }
 107          
 108          /**********以下为读写24c02的函数**********/
 109          void Write_One_Byte(unsigned char addr, unsigned char thedata)
 110          {
 111   1          bit acktemp = 1;
 112   1          I2C_Start();
 113   1          WriteI2CByte(0xDA);
 114   1          acktemp = Check_Acknowledge();
 115   1          WriteI2CByte(addr); /*address*/
 116   1          acktemp = Check_Acknowledge();
C51 COMPILER V9.56.0.0   IIC                                                               03/15/2019 10:49:49 PAGE 3   

 117   1          WriteI2CByte(thedata); /*thedata*/
 118   1          acktemp = Check_Acknowledge();
 119   1          I2C_Stop();
 120   1      }
 121          
 122          unsigned char Read_One_Byte(unsigned char addr)
 123          {
 124   1          bit acktemp = 1;
 125   1          unsigned char mydata;
 126   1          /*read a byte from mem*/
 127   1          I2C_Start();
 128   1          WriteI2CByte(0xDA);
 129   1          acktemp = Check_Acknowledge();
 130   1          WriteI2CByte(addr); /*address*/
 131   1          acktemp = Check_Acknowledge();
 132   1          I2C_Start();
 133   1          WriteI2CByte(0xDB);
 134   1          acktemp = Check_Acknowledge();
 135   1      
 136   1          mydata = ReadI2CByte();
 137   1          acktemp = Check_Acknowledge();
 138   1          I2C_Stop();
 139   1          return mydata;
 140   1      }


MODULE INFORMATION:   STATIC OVERLAYABLE
   CODE SIZE        =    353    ----
   CONSTANT SIZE    =   ----    ----
   XDATA SIZE       =   ----    ----
   PDATA SIZE       =   ----    ----
   DATA SIZE        =   ----    ----
   IDATA SIZE       =   ----    ----
   BIT SIZE         =   ----       2
END OF MODULE INFORMATION.


C51 COMPILATION COMPLETE.  0 WARNING(S),  0 ERROR(S)
